ARM GAS  /tmp/ccxPHRjV.s 			page 1


   1              		.cpu cortex-m0
   2              		.eabi_attribute 20, 1
   3              		.eabi_attribute 21, 1
   4              		.eabi_attribute 23, 3
   5              		.eabi_attribute 24, 1
   6              		.eabi_attribute 25, 1
   7              		.eabi_attribute 26, 1
   8              		.eabi_attribute 30, 1
   9              		.eabi_attribute 34, 0
  10              		.eabi_attribute 18, 4
  11              		.file	"stm32f0xx_hal_pwr_ex.c"
  12              		.text
  13              	.Ltext0:
  14              		.cfi_sections	.debug_frame
  15              		.section	.text.HAL_PWR_ConfigPVD,"ax",%progbits
  16              		.align	1
  17              		.global	HAL_PWR_ConfigPVD
  18              		.arch armv6s-m
  19              		.syntax unified
  20              		.code	16
  21              		.thumb_func
  22              		.fpu softvfp
  24              	HAL_PWR_ConfigPVD:
  25              	.LVL0:
  26              	.LFB40:
  27              		.file 1 "Drivers/STM32F0xx_HAL_Driver/Src/stm32f0xx_hal_pwr_ex.c"
   1:Drivers/STM32F0xx_HAL_Driver/Src/stm32f0xx_hal_pwr_ex.c **** /**
   2:Drivers/STM32F0xx_HAL_Driver/Src/stm32f0xx_hal_pwr_ex.c ****   ******************************************************************************
   3:Drivers/STM32F0xx_HAL_Driver/Src/stm32f0xx_hal_pwr_ex.c ****   * @file    stm32f0xx_hal_pwr_ex.c
   4:Drivers/STM32F0xx_HAL_Driver/Src/stm32f0xx_hal_pwr_ex.c ****   * @author  MCD Application Team
   5:Drivers/STM32F0xx_HAL_Driver/Src/stm32f0xx_hal_pwr_ex.c ****   * @brief   Extended PWR HAL module driver.
   6:Drivers/STM32F0xx_HAL_Driver/Src/stm32f0xx_hal_pwr_ex.c ****   *          This file provides firmware functions to manage the following
   7:Drivers/STM32F0xx_HAL_Driver/Src/stm32f0xx_hal_pwr_ex.c ****   *          functionalities of the Power Controller (PWR) peripheral:
   8:Drivers/STM32F0xx_HAL_Driver/Src/stm32f0xx_hal_pwr_ex.c ****   *           + Extended Initialization and de-initialization functions
   9:Drivers/STM32F0xx_HAL_Driver/Src/stm32f0xx_hal_pwr_ex.c ****   *           + Extended Peripheral Control functions
  10:Drivers/STM32F0xx_HAL_Driver/Src/stm32f0xx_hal_pwr_ex.c ****   *         
  11:Drivers/STM32F0xx_HAL_Driver/Src/stm32f0xx_hal_pwr_ex.c ****   ******************************************************************************
  12:Drivers/STM32F0xx_HAL_Driver/Src/stm32f0xx_hal_pwr_ex.c ****   * @attention
  13:Drivers/STM32F0xx_HAL_Driver/Src/stm32f0xx_hal_pwr_ex.c ****   *
  14:Drivers/STM32F0xx_HAL_Driver/Src/stm32f0xx_hal_pwr_ex.c ****   * <h2><center>&copy; Copyright (c) 2016 STMicroelectronics.
  15:Drivers/STM32F0xx_HAL_Driver/Src/stm32f0xx_hal_pwr_ex.c ****   * All rights reserved.</center></h2>
  16:Drivers/STM32F0xx_HAL_Driver/Src/stm32f0xx_hal_pwr_ex.c ****   *
  17:Drivers/STM32F0xx_HAL_Driver/Src/stm32f0xx_hal_pwr_ex.c ****   * This software component is licensed by ST under BSD 3-Clause license,
  18:Drivers/STM32F0xx_HAL_Driver/Src/stm32f0xx_hal_pwr_ex.c ****   * the "License"; You may not use this file except in compliance with the
  19:Drivers/STM32F0xx_HAL_Driver/Src/stm32f0xx_hal_pwr_ex.c ****   * License. You may obtain a copy of the License at:
  20:Drivers/STM32F0xx_HAL_Driver/Src/stm32f0xx_hal_pwr_ex.c ****   *                        opensource.org/licenses/BSD-3-Clause
  21:Drivers/STM32F0xx_HAL_Driver/Src/stm32f0xx_hal_pwr_ex.c ****   *
  22:Drivers/STM32F0xx_HAL_Driver/Src/stm32f0xx_hal_pwr_ex.c ****   ******************************************************************************
  23:Drivers/STM32F0xx_HAL_Driver/Src/stm32f0xx_hal_pwr_ex.c ****   */
  24:Drivers/STM32F0xx_HAL_Driver/Src/stm32f0xx_hal_pwr_ex.c **** 
  25:Drivers/STM32F0xx_HAL_Driver/Src/stm32f0xx_hal_pwr_ex.c **** /* Includes ------------------------------------------------------------------*/
  26:Drivers/STM32F0xx_HAL_Driver/Src/stm32f0xx_hal_pwr_ex.c **** #include "stm32f0xx_hal.h"
  27:Drivers/STM32F0xx_HAL_Driver/Src/stm32f0xx_hal_pwr_ex.c **** 
  28:Drivers/STM32F0xx_HAL_Driver/Src/stm32f0xx_hal_pwr_ex.c **** /** @addtogroup STM32F0xx_HAL_Driver
  29:Drivers/STM32F0xx_HAL_Driver/Src/stm32f0xx_hal_pwr_ex.c ****   * @{
  30:Drivers/STM32F0xx_HAL_Driver/Src/stm32f0xx_hal_pwr_ex.c ****   */
  31:Drivers/STM32F0xx_HAL_Driver/Src/stm32f0xx_hal_pwr_ex.c **** 
ARM GAS  /tmp/ccxPHRjV.s 			page 2


  32:Drivers/STM32F0xx_HAL_Driver/Src/stm32f0xx_hal_pwr_ex.c **** /** @defgroup PWREx PWREx
  33:Drivers/STM32F0xx_HAL_Driver/Src/stm32f0xx_hal_pwr_ex.c ****   * @brief    PWREx HAL module driver
  34:Drivers/STM32F0xx_HAL_Driver/Src/stm32f0xx_hal_pwr_ex.c ****   * @{
  35:Drivers/STM32F0xx_HAL_Driver/Src/stm32f0xx_hal_pwr_ex.c ****   */
  36:Drivers/STM32F0xx_HAL_Driver/Src/stm32f0xx_hal_pwr_ex.c **** 
  37:Drivers/STM32F0xx_HAL_Driver/Src/stm32f0xx_hal_pwr_ex.c **** #ifdef HAL_PWR_MODULE_ENABLED
  38:Drivers/STM32F0xx_HAL_Driver/Src/stm32f0xx_hal_pwr_ex.c **** 
  39:Drivers/STM32F0xx_HAL_Driver/Src/stm32f0xx_hal_pwr_ex.c **** /* Private typedef -----------------------------------------------------------*/
  40:Drivers/STM32F0xx_HAL_Driver/Src/stm32f0xx_hal_pwr_ex.c **** /* Private define ------------------------------------------------------------*/
  41:Drivers/STM32F0xx_HAL_Driver/Src/stm32f0xx_hal_pwr_ex.c **** /** @defgroup PWREx_Private_Constants PWREx Private Constants
  42:Drivers/STM32F0xx_HAL_Driver/Src/stm32f0xx_hal_pwr_ex.c ****   * @{
  43:Drivers/STM32F0xx_HAL_Driver/Src/stm32f0xx_hal_pwr_ex.c ****   */
  44:Drivers/STM32F0xx_HAL_Driver/Src/stm32f0xx_hal_pwr_ex.c **** #define PVD_MODE_IT               (0x00010000U)
  45:Drivers/STM32F0xx_HAL_Driver/Src/stm32f0xx_hal_pwr_ex.c **** #define PVD_MODE_EVT              (0x00020000U)
  46:Drivers/STM32F0xx_HAL_Driver/Src/stm32f0xx_hal_pwr_ex.c **** #define PVD_RISING_EDGE           (0x00000001U)
  47:Drivers/STM32F0xx_HAL_Driver/Src/stm32f0xx_hal_pwr_ex.c **** #define PVD_FALLING_EDGE          (0x00000002U)
  48:Drivers/STM32F0xx_HAL_Driver/Src/stm32f0xx_hal_pwr_ex.c **** /**
  49:Drivers/STM32F0xx_HAL_Driver/Src/stm32f0xx_hal_pwr_ex.c ****   * @}
  50:Drivers/STM32F0xx_HAL_Driver/Src/stm32f0xx_hal_pwr_ex.c ****   */
  51:Drivers/STM32F0xx_HAL_Driver/Src/stm32f0xx_hal_pwr_ex.c ****  
  52:Drivers/STM32F0xx_HAL_Driver/Src/stm32f0xx_hal_pwr_ex.c **** /* Private macro -------------------------------------------------------------*/
  53:Drivers/STM32F0xx_HAL_Driver/Src/stm32f0xx_hal_pwr_ex.c **** /* Private variables ---------------------------------------------------------*/
  54:Drivers/STM32F0xx_HAL_Driver/Src/stm32f0xx_hal_pwr_ex.c **** /* Private function prototypes -----------------------------------------------*/
  55:Drivers/STM32F0xx_HAL_Driver/Src/stm32f0xx_hal_pwr_ex.c **** /* Exported functions ---------------------------------------------------------*/
  56:Drivers/STM32F0xx_HAL_Driver/Src/stm32f0xx_hal_pwr_ex.c **** 
  57:Drivers/STM32F0xx_HAL_Driver/Src/stm32f0xx_hal_pwr_ex.c **** /** @defgroup PWREx_Exported_Functions PWREx Exported Functions
  58:Drivers/STM32F0xx_HAL_Driver/Src/stm32f0xx_hal_pwr_ex.c ****   * @{
  59:Drivers/STM32F0xx_HAL_Driver/Src/stm32f0xx_hal_pwr_ex.c ****   */
  60:Drivers/STM32F0xx_HAL_Driver/Src/stm32f0xx_hal_pwr_ex.c **** 
  61:Drivers/STM32F0xx_HAL_Driver/Src/stm32f0xx_hal_pwr_ex.c **** /** @defgroup PWREx_Exported_Functions_Group1 Peripheral Extended Control Functions
  62:Drivers/STM32F0xx_HAL_Driver/Src/stm32f0xx_hal_pwr_ex.c ****   *  @brief   Extended Peripheral Control functions
  63:Drivers/STM32F0xx_HAL_Driver/Src/stm32f0xx_hal_pwr_ex.c ****   *
  64:Drivers/STM32F0xx_HAL_Driver/Src/stm32f0xx_hal_pwr_ex.c **** @verbatim
  65:Drivers/STM32F0xx_HAL_Driver/Src/stm32f0xx_hal_pwr_ex.c **** 
  66:Drivers/STM32F0xx_HAL_Driver/Src/stm32f0xx_hal_pwr_ex.c ****  ===============================================================================
  67:Drivers/STM32F0xx_HAL_Driver/Src/stm32f0xx_hal_pwr_ex.c ****                  ##### Peripheral extended control functions #####
  68:Drivers/STM32F0xx_HAL_Driver/Src/stm32f0xx_hal_pwr_ex.c ****  ===============================================================================
  69:Drivers/STM32F0xx_HAL_Driver/Src/stm32f0xx_hal_pwr_ex.c ****     
  70:Drivers/STM32F0xx_HAL_Driver/Src/stm32f0xx_hal_pwr_ex.c ****     *** PVD configuration ***
  71:Drivers/STM32F0xx_HAL_Driver/Src/stm32f0xx_hal_pwr_ex.c ****     =========================
  72:Drivers/STM32F0xx_HAL_Driver/Src/stm32f0xx_hal_pwr_ex.c ****     [..]
  73:Drivers/STM32F0xx_HAL_Driver/Src/stm32f0xx_hal_pwr_ex.c ****       (+) The PVD is used to monitor the VDD power supply by comparing it to a
  74:Drivers/STM32F0xx_HAL_Driver/Src/stm32f0xx_hal_pwr_ex.c ****           threshold selected by the PVD Level (PLS[2:0] bits in the PWR_CR).
  75:Drivers/STM32F0xx_HAL_Driver/Src/stm32f0xx_hal_pwr_ex.c ****       (+) A PVDO flag is available to indicate if VDD/VDDA is higher or lower
  76:Drivers/STM32F0xx_HAL_Driver/Src/stm32f0xx_hal_pwr_ex.c ****           than the PVD threshold. This event is internally connected to the EXTI
  77:Drivers/STM32F0xx_HAL_Driver/Src/stm32f0xx_hal_pwr_ex.c ****           line16 and can generate an interrupt if enabled. This is done through
  78:Drivers/STM32F0xx_HAL_Driver/Src/stm32f0xx_hal_pwr_ex.c ****           HAL_PWR_ConfigPVD(), HAL_PWR_EnablePVD() functions.
  79:Drivers/STM32F0xx_HAL_Driver/Src/stm32f0xx_hal_pwr_ex.c ****       (+) The PVD is stopped in Standby mode.
  80:Drivers/STM32F0xx_HAL_Driver/Src/stm32f0xx_hal_pwr_ex.c ****       -@- PVD is not available on STM32F030x4/x6/x8
  81:Drivers/STM32F0xx_HAL_Driver/Src/stm32f0xx_hal_pwr_ex.c **** 
  82:Drivers/STM32F0xx_HAL_Driver/Src/stm32f0xx_hal_pwr_ex.c ****     *** VDDIO2 Monitor Configuration ***
  83:Drivers/STM32F0xx_HAL_Driver/Src/stm32f0xx_hal_pwr_ex.c ****     ====================================
  84:Drivers/STM32F0xx_HAL_Driver/Src/stm32f0xx_hal_pwr_ex.c ****     [..]
  85:Drivers/STM32F0xx_HAL_Driver/Src/stm32f0xx_hal_pwr_ex.c ****       (+) VDDIO2 monitor is used to monitor the VDDIO2 power supply by comparing it 
  86:Drivers/STM32F0xx_HAL_Driver/Src/stm32f0xx_hal_pwr_ex.c ****           to VREFInt Voltage
  87:Drivers/STM32F0xx_HAL_Driver/Src/stm32f0xx_hal_pwr_ex.c ****       (+) This monitor is internally connected to the EXTI line31
  88:Drivers/STM32F0xx_HAL_Driver/Src/stm32f0xx_hal_pwr_ex.c ****           and can generate an interrupt if enabled. This is done through
ARM GAS  /tmp/ccxPHRjV.s 			page 3


  89:Drivers/STM32F0xx_HAL_Driver/Src/stm32f0xx_hal_pwr_ex.c ****           HAL_PWREx_EnableVddio2Monitor() function.
  90:Drivers/STM32F0xx_HAL_Driver/Src/stm32f0xx_hal_pwr_ex.c ****       -@- VDDIO2 is available on STM32F07x/09x/04x
  91:Drivers/STM32F0xx_HAL_Driver/Src/stm32f0xx_hal_pwr_ex.c ****                     
  92:Drivers/STM32F0xx_HAL_Driver/Src/stm32f0xx_hal_pwr_ex.c **** @endverbatim
  93:Drivers/STM32F0xx_HAL_Driver/Src/stm32f0xx_hal_pwr_ex.c ****   * @{
  94:Drivers/STM32F0xx_HAL_Driver/Src/stm32f0xx_hal_pwr_ex.c ****   */
  95:Drivers/STM32F0xx_HAL_Driver/Src/stm32f0xx_hal_pwr_ex.c **** 
  96:Drivers/STM32F0xx_HAL_Driver/Src/stm32f0xx_hal_pwr_ex.c **** #if defined (STM32F031x6) || defined (STM32F051x8) || \
  97:Drivers/STM32F0xx_HAL_Driver/Src/stm32f0xx_hal_pwr_ex.c ****     defined (STM32F071xB) || defined (STM32F091xC) || \
  98:Drivers/STM32F0xx_HAL_Driver/Src/stm32f0xx_hal_pwr_ex.c ****     defined (STM32F042x6) || defined (STM32F072xB)
  99:Drivers/STM32F0xx_HAL_Driver/Src/stm32f0xx_hal_pwr_ex.c **** /**
 100:Drivers/STM32F0xx_HAL_Driver/Src/stm32f0xx_hal_pwr_ex.c ****   * @brief Configures the voltage threshold detected by the Power Voltage Detector(PVD).
 101:Drivers/STM32F0xx_HAL_Driver/Src/stm32f0xx_hal_pwr_ex.c ****   * @param sConfigPVD pointer to an PWR_PVDTypeDef structure that contains the configuration
 102:Drivers/STM32F0xx_HAL_Driver/Src/stm32f0xx_hal_pwr_ex.c ****   *        information for the PVD.
 103:Drivers/STM32F0xx_HAL_Driver/Src/stm32f0xx_hal_pwr_ex.c ****   * @note Refer to the electrical characteristics of your device datasheet for
 104:Drivers/STM32F0xx_HAL_Driver/Src/stm32f0xx_hal_pwr_ex.c ****   *         more details about the voltage threshold corresponding to each
 105:Drivers/STM32F0xx_HAL_Driver/Src/stm32f0xx_hal_pwr_ex.c ****   *         detection level.
 106:Drivers/STM32F0xx_HAL_Driver/Src/stm32f0xx_hal_pwr_ex.c ****   * @retval None
 107:Drivers/STM32F0xx_HAL_Driver/Src/stm32f0xx_hal_pwr_ex.c ****   */
 108:Drivers/STM32F0xx_HAL_Driver/Src/stm32f0xx_hal_pwr_ex.c **** void HAL_PWR_ConfigPVD(PWR_PVDTypeDef *sConfigPVD)
 109:Drivers/STM32F0xx_HAL_Driver/Src/stm32f0xx_hal_pwr_ex.c **** {
  28              		.loc 1 109 1 view -0
  29              		.cfi_startproc
  30              		@ args = 0, pretend = 0, frame = 0
  31              		@ frame_needed = 0, uses_anonymous_args = 0
  32              		@ link register save eliminated.
 110:Drivers/STM32F0xx_HAL_Driver/Src/stm32f0xx_hal_pwr_ex.c ****   /* Check the parameters */
 111:Drivers/STM32F0xx_HAL_Driver/Src/stm32f0xx_hal_pwr_ex.c ****   assert_param(IS_PWR_PVD_LEVEL(sConfigPVD->PVDLevel));
  33              		.loc 1 111 3 view .LVU1
 112:Drivers/STM32F0xx_HAL_Driver/Src/stm32f0xx_hal_pwr_ex.c ****   assert_param(IS_PWR_PVD_MODE(sConfigPVD->Mode));
  34              		.loc 1 112 3 view .LVU2
 113:Drivers/STM32F0xx_HAL_Driver/Src/stm32f0xx_hal_pwr_ex.c **** 
 114:Drivers/STM32F0xx_HAL_Driver/Src/stm32f0xx_hal_pwr_ex.c ****   /* Set PLS[7:5] bits according to PVDLevel value */
 115:Drivers/STM32F0xx_HAL_Driver/Src/stm32f0xx_hal_pwr_ex.c ****   MODIFY_REG(PWR->CR, PWR_CR_PLS, sConfigPVD->PVDLevel);
  35              		.loc 1 115 3 view .LVU3
  36 0000 1C4A     		ldr	r2, .L6
  37 0002 1368     		ldr	r3, [r2]
  38 0004 E021     		movs	r1, #224
  39 0006 8B43     		bics	r3, r1
  40 0008 0168     		ldr	r1, [r0]
  41 000a 0B43     		orrs	r3, r1
  42 000c 1360     		str	r3, [r2]
 116:Drivers/STM32F0xx_HAL_Driver/Src/stm32f0xx_hal_pwr_ex.c ****   
 117:Drivers/STM32F0xx_HAL_Driver/Src/stm32f0xx_hal_pwr_ex.c ****   /* Clear any previous config. Keep it clear if no event or IT mode is selected */
 118:Drivers/STM32F0xx_HAL_Driver/Src/stm32f0xx_hal_pwr_ex.c ****   __HAL_PWR_PVD_EXTI_DISABLE_EVENT();
  43              		.loc 1 118 3 view .LVU4
  44 000e 1A4B     		ldr	r3, .L6+4
  45 0010 5968     		ldr	r1, [r3, #4]
  46 0012 1A4A     		ldr	r2, .L6+8
  47 0014 1140     		ands	r1, r2
  48 0016 5960     		str	r1, [r3, #4]
 119:Drivers/STM32F0xx_HAL_Driver/Src/stm32f0xx_hal_pwr_ex.c ****   __HAL_PWR_PVD_EXTI_DISABLE_IT();
  49              		.loc 1 119 3 view .LVU5
  50 0018 1968     		ldr	r1, [r3]
  51 001a 1140     		ands	r1, r2
  52 001c 1960     		str	r1, [r3]
 120:Drivers/STM32F0xx_HAL_Driver/Src/stm32f0xx_hal_pwr_ex.c ****   __HAL_PWR_PVD_EXTI_DISABLE_RISING_EDGE();__HAL_PWR_PVD_EXTI_DISABLE_FALLING_EDGE();
ARM GAS  /tmp/ccxPHRjV.s 			page 4


  53              		.loc 1 120 3 view .LVU6
  54 001e 9968     		ldr	r1, [r3, #8]
  55 0020 1140     		ands	r1, r2
  56 0022 9960     		str	r1, [r3, #8]
  57              		.loc 1 120 44 view .LVU7
  58 0024 D968     		ldr	r1, [r3, #12]
  59 0026 0A40     		ands	r2, r1
  60 0028 DA60     		str	r2, [r3, #12]
 121:Drivers/STM32F0xx_HAL_Driver/Src/stm32f0xx_hal_pwr_ex.c **** 
 122:Drivers/STM32F0xx_HAL_Driver/Src/stm32f0xx_hal_pwr_ex.c ****   /* Configure interrupt mode */
 123:Drivers/STM32F0xx_HAL_Driver/Src/stm32f0xx_hal_pwr_ex.c ****   if((sConfigPVD->Mode & PVD_MODE_IT) == PVD_MODE_IT)
  61              		.loc 1 123 3 view .LVU8
  62              		.loc 1 123 5 is_stmt 0 view .LVU9
  63 002a 4368     		ldr	r3, [r0, #4]
  64 002c DB03     		lsls	r3, r3, #15
  65 002e 05D5     		bpl	.L2
 124:Drivers/STM32F0xx_HAL_Driver/Src/stm32f0xx_hal_pwr_ex.c ****   {
 125:Drivers/STM32F0xx_HAL_Driver/Src/stm32f0xx_hal_pwr_ex.c ****     __HAL_PWR_PVD_EXTI_ENABLE_IT();
  66              		.loc 1 125 5 is_stmt 1 view .LVU10
  67 0030 114A     		ldr	r2, .L6+4
  68 0032 1168     		ldr	r1, [r2]
  69 0034 8023     		movs	r3, #128
  70 0036 5B02     		lsls	r3, r3, #9
  71 0038 0B43     		orrs	r3, r1
  72 003a 1360     		str	r3, [r2]
  73              	.L2:
 126:Drivers/STM32F0xx_HAL_Driver/Src/stm32f0xx_hal_pwr_ex.c ****   }
 127:Drivers/STM32F0xx_HAL_Driver/Src/stm32f0xx_hal_pwr_ex.c ****   
 128:Drivers/STM32F0xx_HAL_Driver/Src/stm32f0xx_hal_pwr_ex.c ****   /* Configure event mode */
 129:Drivers/STM32F0xx_HAL_Driver/Src/stm32f0xx_hal_pwr_ex.c ****   if((sConfigPVD->Mode & PVD_MODE_EVT) == PVD_MODE_EVT)
  74              		.loc 1 129 3 view .LVU11
  75              		.loc 1 129 5 is_stmt 0 view .LVU12
  76 003c 4368     		ldr	r3, [r0, #4]
  77 003e 9B03     		lsls	r3, r3, #14
  78 0040 05D5     		bpl	.L3
 130:Drivers/STM32F0xx_HAL_Driver/Src/stm32f0xx_hal_pwr_ex.c ****   {
 131:Drivers/STM32F0xx_HAL_Driver/Src/stm32f0xx_hal_pwr_ex.c ****     __HAL_PWR_PVD_EXTI_ENABLE_EVENT();
  79              		.loc 1 131 5 is_stmt 1 view .LVU13
  80 0042 0D4A     		ldr	r2, .L6+4
  81 0044 5168     		ldr	r1, [r2, #4]
  82 0046 8023     		movs	r3, #128
  83 0048 5B02     		lsls	r3, r3, #9
  84 004a 0B43     		orrs	r3, r1
  85 004c 5360     		str	r3, [r2, #4]
  86              	.L3:
 132:Drivers/STM32F0xx_HAL_Driver/Src/stm32f0xx_hal_pwr_ex.c ****   }
 133:Drivers/STM32F0xx_HAL_Driver/Src/stm32f0xx_hal_pwr_ex.c ****   
 134:Drivers/STM32F0xx_HAL_Driver/Src/stm32f0xx_hal_pwr_ex.c ****   /* Configure the edge */
 135:Drivers/STM32F0xx_HAL_Driver/Src/stm32f0xx_hal_pwr_ex.c ****   if((sConfigPVD->Mode & PVD_RISING_EDGE) == PVD_RISING_EDGE)
  87              		.loc 1 135 3 view .LVU14
  88              		.loc 1 135 5 is_stmt 0 view .LVU15
  89 004e 4368     		ldr	r3, [r0, #4]
  90 0050 DB07     		lsls	r3, r3, #31
  91 0052 05D5     		bpl	.L4
 136:Drivers/STM32F0xx_HAL_Driver/Src/stm32f0xx_hal_pwr_ex.c ****   {
 137:Drivers/STM32F0xx_HAL_Driver/Src/stm32f0xx_hal_pwr_ex.c ****     __HAL_PWR_PVD_EXTI_ENABLE_RISING_EDGE();
  92              		.loc 1 137 5 is_stmt 1 view .LVU16
ARM GAS  /tmp/ccxPHRjV.s 			page 5


  93 0054 084A     		ldr	r2, .L6+4
  94 0056 9168     		ldr	r1, [r2, #8]
  95 0058 8023     		movs	r3, #128
  96 005a 5B02     		lsls	r3, r3, #9
  97 005c 0B43     		orrs	r3, r1
  98 005e 9360     		str	r3, [r2, #8]
  99              	.L4:
 138:Drivers/STM32F0xx_HAL_Driver/Src/stm32f0xx_hal_pwr_ex.c ****   }
 139:Drivers/STM32F0xx_HAL_Driver/Src/stm32f0xx_hal_pwr_ex.c ****   
 140:Drivers/STM32F0xx_HAL_Driver/Src/stm32f0xx_hal_pwr_ex.c ****   if((sConfigPVD->Mode & PVD_FALLING_EDGE) == PVD_FALLING_EDGE)
 100              		.loc 1 140 3 view .LVU17
 101              		.loc 1 140 17 is_stmt 0 view .LVU18
 102 0060 4368     		ldr	r3, [r0, #4]
 103              		.loc 1 140 5 view .LVU19
 104 0062 9B07     		lsls	r3, r3, #30
 105 0064 05D5     		bpl	.L1
 141:Drivers/STM32F0xx_HAL_Driver/Src/stm32f0xx_hal_pwr_ex.c ****   {
 142:Drivers/STM32F0xx_HAL_Driver/Src/stm32f0xx_hal_pwr_ex.c ****     __HAL_PWR_PVD_EXTI_ENABLE_FALLING_EDGE();
 106              		.loc 1 142 5 is_stmt 1 view .LVU20
 107 0066 044A     		ldr	r2, .L6+4
 108 0068 D168     		ldr	r1, [r2, #12]
 109 006a 8023     		movs	r3, #128
 110 006c 5B02     		lsls	r3, r3, #9
 111 006e 0B43     		orrs	r3, r1
 112 0070 D360     		str	r3, [r2, #12]
 113              	.L1:
 143:Drivers/STM32F0xx_HAL_Driver/Src/stm32f0xx_hal_pwr_ex.c ****   }
 144:Drivers/STM32F0xx_HAL_Driver/Src/stm32f0xx_hal_pwr_ex.c **** }
 114              		.loc 1 144 1 is_stmt 0 view .LVU21
 115              		@ sp needed
 116 0072 7047     		bx	lr
 117              	.L7:
 118              		.align	2
 119              	.L6:
 120 0074 00700040 		.word	1073770496
 121 0078 00040140 		.word	1073808384
 122 007c FFFFFEFF 		.word	-65537
 123              		.cfi_endproc
 124              	.LFE40:
 126              		.section	.text.HAL_PWR_EnablePVD,"ax",%progbits
 127              		.align	1
 128              		.global	HAL_PWR_EnablePVD
 129              		.syntax unified
 130              		.code	16
 131              		.thumb_func
 132              		.fpu softvfp
 134              	HAL_PWR_EnablePVD:
 135              	.LFB41:
 145:Drivers/STM32F0xx_HAL_Driver/Src/stm32f0xx_hal_pwr_ex.c **** 
 146:Drivers/STM32F0xx_HAL_Driver/Src/stm32f0xx_hal_pwr_ex.c **** /**
 147:Drivers/STM32F0xx_HAL_Driver/Src/stm32f0xx_hal_pwr_ex.c ****   * @brief Enables the Power Voltage Detector(PVD).
 148:Drivers/STM32F0xx_HAL_Driver/Src/stm32f0xx_hal_pwr_ex.c ****   * @retval None
 149:Drivers/STM32F0xx_HAL_Driver/Src/stm32f0xx_hal_pwr_ex.c ****   */
 150:Drivers/STM32F0xx_HAL_Driver/Src/stm32f0xx_hal_pwr_ex.c **** void HAL_PWR_EnablePVD(void)
 151:Drivers/STM32F0xx_HAL_Driver/Src/stm32f0xx_hal_pwr_ex.c **** {
 136              		.loc 1 151 1 is_stmt 1 view -0
 137              		.cfi_startproc
ARM GAS  /tmp/ccxPHRjV.s 			page 6


 138              		@ args = 0, pretend = 0, frame = 0
 139              		@ frame_needed = 0, uses_anonymous_args = 0
 140              		@ link register save eliminated.
 152:Drivers/STM32F0xx_HAL_Driver/Src/stm32f0xx_hal_pwr_ex.c ****   PWR->CR |= (uint32_t)PWR_CR_PVDE;
 141              		.loc 1 152 3 view .LVU23
 142              		.loc 1 152 11 is_stmt 0 view .LVU24
 143 0000 024A     		ldr	r2, .L9
 144 0002 1368     		ldr	r3, [r2]
 145 0004 1021     		movs	r1, #16
 146 0006 0B43     		orrs	r3, r1
 147 0008 1360     		str	r3, [r2]
 153:Drivers/STM32F0xx_HAL_Driver/Src/stm32f0xx_hal_pwr_ex.c **** }
 148              		.loc 1 153 1 view .LVU25
 149              		@ sp needed
 150 000a 7047     		bx	lr
 151              	.L10:
 152              		.align	2
 153              	.L9:
 154 000c 00700040 		.word	1073770496
 155              		.cfi_endproc
 156              	.LFE41:
 158              		.section	.text.HAL_PWR_DisablePVD,"ax",%progbits
 159              		.align	1
 160              		.global	HAL_PWR_DisablePVD
 161              		.syntax unified
 162              		.code	16
 163              		.thumb_func
 164              		.fpu softvfp
 166              	HAL_PWR_DisablePVD:
 167              	.LFB42:
 154:Drivers/STM32F0xx_HAL_Driver/Src/stm32f0xx_hal_pwr_ex.c **** 
 155:Drivers/STM32F0xx_HAL_Driver/Src/stm32f0xx_hal_pwr_ex.c **** /**
 156:Drivers/STM32F0xx_HAL_Driver/Src/stm32f0xx_hal_pwr_ex.c ****   * @brief Disables the Power Voltage Detector(PVD).
 157:Drivers/STM32F0xx_HAL_Driver/Src/stm32f0xx_hal_pwr_ex.c ****   * @retval None
 158:Drivers/STM32F0xx_HAL_Driver/Src/stm32f0xx_hal_pwr_ex.c ****   */
 159:Drivers/STM32F0xx_HAL_Driver/Src/stm32f0xx_hal_pwr_ex.c **** void HAL_PWR_DisablePVD(void)
 160:Drivers/STM32F0xx_HAL_Driver/Src/stm32f0xx_hal_pwr_ex.c **** {
 168              		.loc 1 160 1 is_stmt 1 view -0
 169              		.cfi_startproc
 170              		@ args = 0, pretend = 0, frame = 0
 171              		@ frame_needed = 0, uses_anonymous_args = 0
 172              		@ link register save eliminated.
 161:Drivers/STM32F0xx_HAL_Driver/Src/stm32f0xx_hal_pwr_ex.c ****   PWR->CR &= ~((uint32_t)PWR_CR_PVDE);
 173              		.loc 1 161 3 view .LVU27
 174              		.loc 1 161 11 is_stmt 0 view .LVU28
 175 0000 024A     		ldr	r2, .L12
 176 0002 1368     		ldr	r3, [r2]
 177 0004 1021     		movs	r1, #16
 178 0006 8B43     		bics	r3, r1
 179 0008 1360     		str	r3, [r2]
 162:Drivers/STM32F0xx_HAL_Driver/Src/stm32f0xx_hal_pwr_ex.c **** }
 180              		.loc 1 162 1 view .LVU29
 181              		@ sp needed
 182 000a 7047     		bx	lr
 183              	.L13:
 184              		.align	2
 185              	.L12:
ARM GAS  /tmp/ccxPHRjV.s 			page 7


 186 000c 00700040 		.word	1073770496
 187              		.cfi_endproc
 188              	.LFE42:
 190              		.section	.text.HAL_PWR_PVDCallback,"ax",%progbits
 191              		.align	1
 192              		.weak	HAL_PWR_PVDCallback
 193              		.syntax unified
 194              		.code	16
 195              		.thumb_func
 196              		.fpu softvfp
 198              	HAL_PWR_PVDCallback:
 199              	.LFB44:
 163:Drivers/STM32F0xx_HAL_Driver/Src/stm32f0xx_hal_pwr_ex.c **** 
 164:Drivers/STM32F0xx_HAL_Driver/Src/stm32f0xx_hal_pwr_ex.c **** /**
 165:Drivers/STM32F0xx_HAL_Driver/Src/stm32f0xx_hal_pwr_ex.c ****   * @brief This function handles the PWR PVD interrupt request.
 166:Drivers/STM32F0xx_HAL_Driver/Src/stm32f0xx_hal_pwr_ex.c ****   * @note This API should be called under the  PVD_IRQHandler() or PVD_VDDIO2_IRQHandler().
 167:Drivers/STM32F0xx_HAL_Driver/Src/stm32f0xx_hal_pwr_ex.c ****   * @retval None
 168:Drivers/STM32F0xx_HAL_Driver/Src/stm32f0xx_hal_pwr_ex.c ****   */
 169:Drivers/STM32F0xx_HAL_Driver/Src/stm32f0xx_hal_pwr_ex.c **** void HAL_PWR_PVD_IRQHandler(void)
 170:Drivers/STM32F0xx_HAL_Driver/Src/stm32f0xx_hal_pwr_ex.c **** {
 171:Drivers/STM32F0xx_HAL_Driver/Src/stm32f0xx_hal_pwr_ex.c ****   /* Check PWR exti flag */
 172:Drivers/STM32F0xx_HAL_Driver/Src/stm32f0xx_hal_pwr_ex.c ****   if(__HAL_PWR_PVD_EXTI_GET_FLAG() != RESET)
 173:Drivers/STM32F0xx_HAL_Driver/Src/stm32f0xx_hal_pwr_ex.c ****   {
 174:Drivers/STM32F0xx_HAL_Driver/Src/stm32f0xx_hal_pwr_ex.c ****     /* PWR PVD interrupt user callback */
 175:Drivers/STM32F0xx_HAL_Driver/Src/stm32f0xx_hal_pwr_ex.c ****     HAL_PWR_PVDCallback();
 176:Drivers/STM32F0xx_HAL_Driver/Src/stm32f0xx_hal_pwr_ex.c **** 
 177:Drivers/STM32F0xx_HAL_Driver/Src/stm32f0xx_hal_pwr_ex.c ****     /* Clear PWR Exti pending bit */
 178:Drivers/STM32F0xx_HAL_Driver/Src/stm32f0xx_hal_pwr_ex.c ****     __HAL_PWR_PVD_EXTI_CLEAR_FLAG();
 179:Drivers/STM32F0xx_HAL_Driver/Src/stm32f0xx_hal_pwr_ex.c ****   }
 180:Drivers/STM32F0xx_HAL_Driver/Src/stm32f0xx_hal_pwr_ex.c **** }
 181:Drivers/STM32F0xx_HAL_Driver/Src/stm32f0xx_hal_pwr_ex.c **** 
 182:Drivers/STM32F0xx_HAL_Driver/Src/stm32f0xx_hal_pwr_ex.c **** /**
 183:Drivers/STM32F0xx_HAL_Driver/Src/stm32f0xx_hal_pwr_ex.c ****   * @brief PWR PVD interrupt callback
 184:Drivers/STM32F0xx_HAL_Driver/Src/stm32f0xx_hal_pwr_ex.c ****   * @retval None
 185:Drivers/STM32F0xx_HAL_Driver/Src/stm32f0xx_hal_pwr_ex.c ****   */
 186:Drivers/STM32F0xx_HAL_Driver/Src/stm32f0xx_hal_pwr_ex.c **** __weak void HAL_PWR_PVDCallback(void)
 187:Drivers/STM32F0xx_HAL_Driver/Src/stm32f0xx_hal_pwr_ex.c **** {
 200              		.loc 1 187 1 is_stmt 1 view -0
 201              		.cfi_startproc
 202              		@ args = 0, pretend = 0, frame = 0
 203              		@ frame_needed = 0, uses_anonymous_args = 0
 204              		@ link register save eliminated.
 188:Drivers/STM32F0xx_HAL_Driver/Src/stm32f0xx_hal_pwr_ex.c ****   /* NOTE : This function Should not be modified, when the callback is needed,
 189:Drivers/STM32F0xx_HAL_Driver/Src/stm32f0xx_hal_pwr_ex.c ****             the HAL_PWR_PVDCallback could be implemented in the user file
 190:Drivers/STM32F0xx_HAL_Driver/Src/stm32f0xx_hal_pwr_ex.c ****    */
 191:Drivers/STM32F0xx_HAL_Driver/Src/stm32f0xx_hal_pwr_ex.c **** }
 205              		.loc 1 191 1 view .LVU31
 206              		@ sp needed
 207 0000 7047     		bx	lr
 208              		.cfi_endproc
 209              	.LFE44:
 211              		.section	.text.HAL_PWR_PVD_IRQHandler,"ax",%progbits
 212              		.align	1
 213              		.global	HAL_PWR_PVD_IRQHandler
 214              		.syntax unified
 215              		.code	16
 216              		.thumb_func
ARM GAS  /tmp/ccxPHRjV.s 			page 8


 217              		.fpu softvfp
 219              	HAL_PWR_PVD_IRQHandler:
 220              	.LFB43:
 170:Drivers/STM32F0xx_HAL_Driver/Src/stm32f0xx_hal_pwr_ex.c ****   /* Check PWR exti flag */
 221              		.loc 1 170 1 view -0
 222              		.cfi_startproc
 223              		@ args = 0, pretend = 0, frame = 0
 224              		@ frame_needed = 0, uses_anonymous_args = 0
 225 0000 10B5     		push	{r4, lr}
 226              	.LCFI0:
 227              		.cfi_def_cfa_offset 8
 228              		.cfi_offset 4, -8
 229              		.cfi_offset 14, -4
 172:Drivers/STM32F0xx_HAL_Driver/Src/stm32f0xx_hal_pwr_ex.c ****   {
 230              		.loc 1 172 3 view .LVU33
 172:Drivers/STM32F0xx_HAL_Driver/Src/stm32f0xx_hal_pwr_ex.c ****   {
 231              		.loc 1 172 6 is_stmt 0 view .LVU34
 232 0002 064B     		ldr	r3, .L18
 233 0004 5B69     		ldr	r3, [r3, #20]
 172:Drivers/STM32F0xx_HAL_Driver/Src/stm32f0xx_hal_pwr_ex.c ****   {
 234              		.loc 1 172 5 view .LVU35
 235 0006 DB03     		lsls	r3, r3, #15
 236 0008 00D4     		bmi	.L17
 237              	.L15:
 180:Drivers/STM32F0xx_HAL_Driver/Src/stm32f0xx_hal_pwr_ex.c **** 
 238              		.loc 1 180 1 view .LVU36
 239              		@ sp needed
 240 000a 10BD     		pop	{r4, pc}
 241              	.L17:
 175:Drivers/STM32F0xx_HAL_Driver/Src/stm32f0xx_hal_pwr_ex.c **** 
 242              		.loc 1 175 5 is_stmt 1 view .LVU37
 243 000c FFF7FEFF 		bl	HAL_PWR_PVDCallback
 244              	.LVL1:
 178:Drivers/STM32F0xx_HAL_Driver/Src/stm32f0xx_hal_pwr_ex.c ****   }
 245              		.loc 1 178 5 view .LVU38
 246 0010 024B     		ldr	r3, .L18
 247 0012 8022     		movs	r2, #128
 248 0014 5202     		lsls	r2, r2, #9
 249 0016 5A61     		str	r2, [r3, #20]
 180:Drivers/STM32F0xx_HAL_Driver/Src/stm32f0xx_hal_pwr_ex.c **** 
 250              		.loc 1 180 1 is_stmt 0 view .LVU39
 251 0018 F7E7     		b	.L15
 252              	.L19:
 253 001a C046     		.align	2
 254              	.L18:
 255 001c 00040140 		.word	1073808384
 256              		.cfi_endproc
 257              	.LFE43:
 259              		.section	.text.HAL_PWREx_EnableVddio2Monitor,"ax",%progbits
 260              		.align	1
 261              		.global	HAL_PWREx_EnableVddio2Monitor
 262              		.syntax unified
 263              		.code	16
 264              		.thumb_func
 265              		.fpu softvfp
 267              	HAL_PWREx_EnableVddio2Monitor:
 268              	.LFB45:
ARM GAS  /tmp/ccxPHRjV.s 			page 9


 192:Drivers/STM32F0xx_HAL_Driver/Src/stm32f0xx_hal_pwr_ex.c **** 
 193:Drivers/STM32F0xx_HAL_Driver/Src/stm32f0xx_hal_pwr_ex.c **** #endif /* defined (STM32F031x6) || defined (STM32F051x8) || */
 194:Drivers/STM32F0xx_HAL_Driver/Src/stm32f0xx_hal_pwr_ex.c ****        /* defined (STM32F071xB) || defined (STM32F091xC) || */
 195:Drivers/STM32F0xx_HAL_Driver/Src/stm32f0xx_hal_pwr_ex.c ****        /* defined (STM32F042x6) || defined (STM32F072xB)    */
 196:Drivers/STM32F0xx_HAL_Driver/Src/stm32f0xx_hal_pwr_ex.c **** 
 197:Drivers/STM32F0xx_HAL_Driver/Src/stm32f0xx_hal_pwr_ex.c **** #if defined (STM32F042x6) || defined (STM32F048xx) || \
 198:Drivers/STM32F0xx_HAL_Driver/Src/stm32f0xx_hal_pwr_ex.c ****     defined (STM32F071xB) || defined (STM32F072xB) || defined (STM32F078xx) || \
 199:Drivers/STM32F0xx_HAL_Driver/Src/stm32f0xx_hal_pwr_ex.c ****     defined (STM32F091xC) || defined (STM32F098xx)
 200:Drivers/STM32F0xx_HAL_Driver/Src/stm32f0xx_hal_pwr_ex.c **** /**
 201:Drivers/STM32F0xx_HAL_Driver/Src/stm32f0xx_hal_pwr_ex.c ****   * @brief Enable VDDIO2 monitor: enable Exti 31 and falling edge detection.
 202:Drivers/STM32F0xx_HAL_Driver/Src/stm32f0xx_hal_pwr_ex.c ****   * @note If Exti 31 is enable correlty and VDDIO2 voltage goes below Vrefint,
 203:Drivers/STM32F0xx_HAL_Driver/Src/stm32f0xx_hal_pwr_ex.c ****           an interrupt is generated Irq line 1.
 204:Drivers/STM32F0xx_HAL_Driver/Src/stm32f0xx_hal_pwr_ex.c ****           NVIS has to be enable by user.
 205:Drivers/STM32F0xx_HAL_Driver/Src/stm32f0xx_hal_pwr_ex.c ****   * @retval None
 206:Drivers/STM32F0xx_HAL_Driver/Src/stm32f0xx_hal_pwr_ex.c ****   */
 207:Drivers/STM32F0xx_HAL_Driver/Src/stm32f0xx_hal_pwr_ex.c **** void HAL_PWREx_EnableVddio2Monitor(void)
 208:Drivers/STM32F0xx_HAL_Driver/Src/stm32f0xx_hal_pwr_ex.c **** {
 269              		.loc 1 208 1 is_stmt 1 view -0
 270              		.cfi_startproc
 271              		@ args = 0, pretend = 0, frame = 0
 272              		@ frame_needed = 0, uses_anonymous_args = 0
 273              		@ link register save eliminated.
 209:Drivers/STM32F0xx_HAL_Driver/Src/stm32f0xx_hal_pwr_ex.c ****   __HAL_PWR_VDDIO2_EXTI_ENABLE_IT();
 274              		.loc 1 209 3 view .LVU41
 275 0000 044B     		ldr	r3, .L21
 276 0002 1968     		ldr	r1, [r3]
 277 0004 8022     		movs	r2, #128
 278 0006 1206     		lsls	r2, r2, #24
 279 0008 1143     		orrs	r1, r2
 280 000a 1960     		str	r1, [r3]
 210:Drivers/STM32F0xx_HAL_Driver/Src/stm32f0xx_hal_pwr_ex.c ****   __HAL_PWR_VDDIO2_EXTI_ENABLE_FALLING_EDGE();
 281              		.loc 1 210 3 view .LVU42
 282 000c D968     		ldr	r1, [r3, #12]
 283 000e 0A43     		orrs	r2, r1
 284 0010 DA60     		str	r2, [r3, #12]
 211:Drivers/STM32F0xx_HAL_Driver/Src/stm32f0xx_hal_pwr_ex.c **** }
 285              		.loc 1 211 1 is_stmt 0 view .LVU43
 286              		@ sp needed
 287 0012 7047     		bx	lr
 288              	.L22:
 289              		.align	2
 290              	.L21:
 291 0014 00040140 		.word	1073808384
 292              		.cfi_endproc
 293              	.LFE45:
 295              		.section	.text.HAL_PWREx_DisableVddio2Monitor,"ax",%progbits
 296              		.align	1
 297              		.global	HAL_PWREx_DisableVddio2Monitor
 298              		.syntax unified
 299              		.code	16
 300              		.thumb_func
 301              		.fpu softvfp
 303              	HAL_PWREx_DisableVddio2Monitor:
 304              	.LFB46:
 212:Drivers/STM32F0xx_HAL_Driver/Src/stm32f0xx_hal_pwr_ex.c **** 
 213:Drivers/STM32F0xx_HAL_Driver/Src/stm32f0xx_hal_pwr_ex.c **** /**
 214:Drivers/STM32F0xx_HAL_Driver/Src/stm32f0xx_hal_pwr_ex.c ****   * @brief Disable the Vddio2 Monitor.
ARM GAS  /tmp/ccxPHRjV.s 			page 10


 215:Drivers/STM32F0xx_HAL_Driver/Src/stm32f0xx_hal_pwr_ex.c ****   * @retval None
 216:Drivers/STM32F0xx_HAL_Driver/Src/stm32f0xx_hal_pwr_ex.c ****   */
 217:Drivers/STM32F0xx_HAL_Driver/Src/stm32f0xx_hal_pwr_ex.c **** void HAL_PWREx_DisableVddio2Monitor(void)
 218:Drivers/STM32F0xx_HAL_Driver/Src/stm32f0xx_hal_pwr_ex.c **** {
 305              		.loc 1 218 1 is_stmt 1 view -0
 306              		.cfi_startproc
 307              		@ args = 0, pretend = 0, frame = 0
 308              		@ frame_needed = 0, uses_anonymous_args = 0
 309              		@ link register save eliminated.
 219:Drivers/STM32F0xx_HAL_Driver/Src/stm32f0xx_hal_pwr_ex.c ****   __HAL_PWR_VDDIO2_EXTI_DISABLE_IT();
 310              		.loc 1 219 3 view .LVU45
 311 0000 064B     		ldr	r3, .L24
 312 0002 1A68     		ldr	r2, [r3]
 313 0004 5200     		lsls	r2, r2, #1
 314 0006 5208     		lsrs	r2, r2, #1
 315 0008 1A60     		str	r2, [r3]
 220:Drivers/STM32F0xx_HAL_Driver/Src/stm32f0xx_hal_pwr_ex.c ****   __HAL_PWR_VDDIO2_EXTI_DISABLE_FALLING_EDGE();
 316              		.loc 1 220 3 view .LVU46
 317              		.loc 1 220 3 view .LVU47
 318 000a DA68     		ldr	r2, [r3, #12]
 319 000c 5200     		lsls	r2, r2, #1
 320 000e 5208     		lsrs	r2, r2, #1
 321 0010 DA60     		str	r2, [r3, #12]
 322              		.loc 1 220 3 view .LVU48
 323 0012 9A68     		ldr	r2, [r3, #8]
 324 0014 5200     		lsls	r2, r2, #1
 325 0016 5208     		lsrs	r2, r2, #1
 326 0018 9A60     		str	r2, [r3, #8]
 327              		.loc 1 220 3 view .LVU49
 221:Drivers/STM32F0xx_HAL_Driver/Src/stm32f0xx_hal_pwr_ex.c **** 
 222:Drivers/STM32F0xx_HAL_Driver/Src/stm32f0xx_hal_pwr_ex.c **** }
 328              		.loc 1 222 1 is_stmt 0 view .LVU50
 329              		@ sp needed
 330 001a 7047     		bx	lr
 331              	.L25:
 332              		.align	2
 333              	.L24:
 334 001c 00040140 		.word	1073808384
 335              		.cfi_endproc
 336              	.LFE46:
 338              		.section	.text.HAL_PWREx_Vddio2MonitorCallback,"ax",%progbits
 339              		.align	1
 340              		.weak	HAL_PWREx_Vddio2MonitorCallback
 341              		.syntax unified
 342              		.code	16
 343              		.thumb_func
 344              		.fpu softvfp
 346              	HAL_PWREx_Vddio2MonitorCallback:
 347              	.LFB48:
 223:Drivers/STM32F0xx_HAL_Driver/Src/stm32f0xx_hal_pwr_ex.c **** 
 224:Drivers/STM32F0xx_HAL_Driver/Src/stm32f0xx_hal_pwr_ex.c **** /**
 225:Drivers/STM32F0xx_HAL_Driver/Src/stm32f0xx_hal_pwr_ex.c ****   * @brief This function handles the PWR Vddio2 monitor interrupt request.
 226:Drivers/STM32F0xx_HAL_Driver/Src/stm32f0xx_hal_pwr_ex.c ****   * @note This API should be called under the VDDIO2_IRQHandler() PVD_VDDIO2_IRQHandler().
 227:Drivers/STM32F0xx_HAL_Driver/Src/stm32f0xx_hal_pwr_ex.c ****   * @retval None
 228:Drivers/STM32F0xx_HAL_Driver/Src/stm32f0xx_hal_pwr_ex.c ****   */
 229:Drivers/STM32F0xx_HAL_Driver/Src/stm32f0xx_hal_pwr_ex.c **** void HAL_PWREx_Vddio2Monitor_IRQHandler(void)
 230:Drivers/STM32F0xx_HAL_Driver/Src/stm32f0xx_hal_pwr_ex.c **** {
ARM GAS  /tmp/ccxPHRjV.s 			page 11


 231:Drivers/STM32F0xx_HAL_Driver/Src/stm32f0xx_hal_pwr_ex.c ****   /* Check PWR exti flag */
 232:Drivers/STM32F0xx_HAL_Driver/Src/stm32f0xx_hal_pwr_ex.c ****   if(__HAL_PWR_VDDIO2_EXTI_GET_FLAG() != RESET)
 233:Drivers/STM32F0xx_HAL_Driver/Src/stm32f0xx_hal_pwr_ex.c ****   {
 234:Drivers/STM32F0xx_HAL_Driver/Src/stm32f0xx_hal_pwr_ex.c ****     /* PWR Vddio2 monitor interrupt user callback */
 235:Drivers/STM32F0xx_HAL_Driver/Src/stm32f0xx_hal_pwr_ex.c ****     HAL_PWREx_Vddio2MonitorCallback();
 236:Drivers/STM32F0xx_HAL_Driver/Src/stm32f0xx_hal_pwr_ex.c **** 
 237:Drivers/STM32F0xx_HAL_Driver/Src/stm32f0xx_hal_pwr_ex.c ****     /* Clear PWR Exti pending bit */
 238:Drivers/STM32F0xx_HAL_Driver/Src/stm32f0xx_hal_pwr_ex.c ****     __HAL_PWR_VDDIO2_EXTI_CLEAR_FLAG();
 239:Drivers/STM32F0xx_HAL_Driver/Src/stm32f0xx_hal_pwr_ex.c ****   }
 240:Drivers/STM32F0xx_HAL_Driver/Src/stm32f0xx_hal_pwr_ex.c **** }
 241:Drivers/STM32F0xx_HAL_Driver/Src/stm32f0xx_hal_pwr_ex.c **** 
 242:Drivers/STM32F0xx_HAL_Driver/Src/stm32f0xx_hal_pwr_ex.c **** /**
 243:Drivers/STM32F0xx_HAL_Driver/Src/stm32f0xx_hal_pwr_ex.c ****   * @brief PWR Vddio2 Monitor interrupt callback
 244:Drivers/STM32F0xx_HAL_Driver/Src/stm32f0xx_hal_pwr_ex.c ****   * @retval None
 245:Drivers/STM32F0xx_HAL_Driver/Src/stm32f0xx_hal_pwr_ex.c ****   */
 246:Drivers/STM32F0xx_HAL_Driver/Src/stm32f0xx_hal_pwr_ex.c **** __weak void HAL_PWREx_Vddio2MonitorCallback(void)
 247:Drivers/STM32F0xx_HAL_Driver/Src/stm32f0xx_hal_pwr_ex.c **** {
 348              		.loc 1 247 1 is_stmt 1 view -0
 349              		.cfi_startproc
 350              		@ args = 0, pretend = 0, frame = 0
 351              		@ frame_needed = 0, uses_anonymous_args = 0
 352              		@ link register save eliminated.
 248:Drivers/STM32F0xx_HAL_Driver/Src/stm32f0xx_hal_pwr_ex.c ****   /* NOTE : This function Should not be modified, when the callback is needed,
 249:Drivers/STM32F0xx_HAL_Driver/Src/stm32f0xx_hal_pwr_ex.c ****             the HAL_PWREx_Vddio2MonitorCallback could be implemented in the user file
 250:Drivers/STM32F0xx_HAL_Driver/Src/stm32f0xx_hal_pwr_ex.c ****    */
 251:Drivers/STM32F0xx_HAL_Driver/Src/stm32f0xx_hal_pwr_ex.c **** }
 353              		.loc 1 251 1 view .LVU52
 354              		@ sp needed
 355 0000 7047     		bx	lr
 356              		.cfi_endproc
 357              	.LFE48:
 359              		.section	.text.HAL_PWREx_Vddio2Monitor_IRQHandler,"ax",%progbits
 360              		.align	1
 361              		.global	HAL_PWREx_Vddio2Monitor_IRQHandler
 362              		.syntax unified
 363              		.code	16
 364              		.thumb_func
 365              		.fpu softvfp
 367              	HAL_PWREx_Vddio2Monitor_IRQHandler:
 368              	.LFB47:
 230:Drivers/STM32F0xx_HAL_Driver/Src/stm32f0xx_hal_pwr_ex.c ****   /* Check PWR exti flag */
 369              		.loc 1 230 1 view -0
 370              		.cfi_startproc
 371              		@ args = 0, pretend = 0, frame = 0
 372              		@ frame_needed = 0, uses_anonymous_args = 0
 373 0000 10B5     		push	{r4, lr}
 374              	.LCFI1:
 375              		.cfi_def_cfa_offset 8
 376              		.cfi_offset 4, -8
 377              		.cfi_offset 14, -4
 232:Drivers/STM32F0xx_HAL_Driver/Src/stm32f0xx_hal_pwr_ex.c ****   {
 378              		.loc 1 232 3 view .LVU54
 232:Drivers/STM32F0xx_HAL_Driver/Src/stm32f0xx_hal_pwr_ex.c ****   {
 379              		.loc 1 232 6 is_stmt 0 view .LVU55
 380 0002 064B     		ldr	r3, .L30
 381 0004 5B69     		ldr	r3, [r3, #20]
 232:Drivers/STM32F0xx_HAL_Driver/Src/stm32f0xx_hal_pwr_ex.c ****   {
ARM GAS  /tmp/ccxPHRjV.s 			page 12


 382              		.loc 1 232 5 view .LVU56
 383 0006 002B     		cmp	r3, #0
 384 0008 00DB     		blt	.L29
 385              	.L27:
 240:Drivers/STM32F0xx_HAL_Driver/Src/stm32f0xx_hal_pwr_ex.c **** 
 386              		.loc 1 240 1 view .LVU57
 387              		@ sp needed
 388 000a 10BD     		pop	{r4, pc}
 389              	.L29:
 235:Drivers/STM32F0xx_HAL_Driver/Src/stm32f0xx_hal_pwr_ex.c **** 
 390              		.loc 1 235 5 is_stmt 1 view .LVU58
 391 000c FFF7FEFF 		bl	HAL_PWREx_Vddio2MonitorCallback
 392              	.LVL2:
 238:Drivers/STM32F0xx_HAL_Driver/Src/stm32f0xx_hal_pwr_ex.c ****   }
 393              		.loc 1 238 5 view .LVU59
 394 0010 024B     		ldr	r3, .L30
 395 0012 8022     		movs	r2, #128
 396 0014 1206     		lsls	r2, r2, #24
 397 0016 5A61     		str	r2, [r3, #20]
 240:Drivers/STM32F0xx_HAL_Driver/Src/stm32f0xx_hal_pwr_ex.c **** 
 398              		.loc 1 240 1 is_stmt 0 view .LVU60
 399 0018 F7E7     		b	.L27
 400              	.L31:
 401 001a C046     		.align	2
 402              	.L30:
 403 001c 00040140 		.word	1073808384
 404              		.cfi_endproc
 405              	.LFE47:
 407              		.text
 408              	.Letext0:
 409              		.file 2 "/usr/lib/gcc/arm-none-eabi/9.2.1/include/stdint.h"
 410              		.file 3 "Drivers/CMSIS/Device/ST/STM32F0xx/Include/system_stm32f0xx.h"
 411              		.file 4 "Drivers/CMSIS/Device/ST/STM32F0xx/Include/stm32f072xb.h"
 412              		.file 5 "Drivers/STM32F0xx_HAL_Driver/Inc/stm32f0xx_hal_pwr_ex.h"
 413              		.file 6 "Drivers/CMSIS/Device/ST/STM32F0xx/Include/stm32f0xx.h"
 414              		.file 7 "Drivers/STM32F0xx_HAL_Driver/Inc/stm32f0xx_hal.h"
ARM GAS  /tmp/ccxPHRjV.s 			page 13


DEFINED SYMBOLS
                            *ABS*:0000000000000000 stm32f0xx_hal_pwr_ex.c
     /tmp/ccxPHRjV.s:16     .text.HAL_PWR_ConfigPVD:0000000000000000 $t
     /tmp/ccxPHRjV.s:24     .text.HAL_PWR_ConfigPVD:0000000000000000 HAL_PWR_ConfigPVD
     /tmp/ccxPHRjV.s:120    .text.HAL_PWR_ConfigPVD:0000000000000074 $d
     /tmp/ccxPHRjV.s:127    .text.HAL_PWR_EnablePVD:0000000000000000 $t
     /tmp/ccxPHRjV.s:134    .text.HAL_PWR_EnablePVD:0000000000000000 HAL_PWR_EnablePVD
     /tmp/ccxPHRjV.s:154    .text.HAL_PWR_EnablePVD:000000000000000c $d
     /tmp/ccxPHRjV.s:159    .text.HAL_PWR_DisablePVD:0000000000000000 $t
     /tmp/ccxPHRjV.s:166    .text.HAL_PWR_DisablePVD:0000000000000000 HAL_PWR_DisablePVD
     /tmp/ccxPHRjV.s:186    .text.HAL_PWR_DisablePVD:000000000000000c $d
     /tmp/ccxPHRjV.s:191    .text.HAL_PWR_PVDCallback:0000000000000000 $t
     /tmp/ccxPHRjV.s:198    .text.HAL_PWR_PVDCallback:0000000000000000 HAL_PWR_PVDCallback
     /tmp/ccxPHRjV.s:212    .text.HAL_PWR_PVD_IRQHandler:0000000000000000 $t
     /tmp/ccxPHRjV.s:219    .text.HAL_PWR_PVD_IRQHandler:0000000000000000 HAL_PWR_PVD_IRQHandler
     /tmp/ccxPHRjV.s:255    .text.HAL_PWR_PVD_IRQHandler:000000000000001c $d
     /tmp/ccxPHRjV.s:260    .text.HAL_PWREx_EnableVddio2Monitor:0000000000000000 $t
     /tmp/ccxPHRjV.s:267    .text.HAL_PWREx_EnableVddio2Monitor:0000000000000000 HAL_PWREx_EnableVddio2Monitor
     /tmp/ccxPHRjV.s:291    .text.HAL_PWREx_EnableVddio2Monitor:0000000000000014 $d
     /tmp/ccxPHRjV.s:296    .text.HAL_PWREx_DisableVddio2Monitor:0000000000000000 $t
     /tmp/ccxPHRjV.s:303    .text.HAL_PWREx_DisableVddio2Monitor:0000000000000000 HAL_PWREx_DisableVddio2Monitor
     /tmp/ccxPHRjV.s:334    .text.HAL_PWREx_DisableVddio2Monitor:000000000000001c $d
     /tmp/ccxPHRjV.s:339    .text.HAL_PWREx_Vddio2MonitorCallback:0000000000000000 $t
     /tmp/ccxPHRjV.s:346    .text.HAL_PWREx_Vddio2MonitorCallback:0000000000000000 HAL_PWREx_Vddio2MonitorCallback
     /tmp/ccxPHRjV.s:360    .text.HAL_PWREx_Vddio2Monitor_IRQHandler:0000000000000000 $t
     /tmp/ccxPHRjV.s:367    .text.HAL_PWREx_Vddio2Monitor_IRQHandler:0000000000000000 HAL_PWREx_Vddio2Monitor_IRQHandler
     /tmp/ccxPHRjV.s:403    .text.HAL_PWREx_Vddio2Monitor_IRQHandler:000000000000001c $d

NO UNDEFINED SYMBOLS
