ARM GAS  /tmp/ccRycltt.s 			page 1


   1              		.cpu cortex-m0
   2              		.eabi_attribute 20, 1
   3              		.eabi_attribute 21, 1
   4              		.eabi_attribute 23, 3
   5              		.eabi_attribute 24, 1
   6              		.eabi_attribute 25, 1
   7              		.eabi_attribute 26, 1
   8              		.eabi_attribute 30, 1
   9              		.eabi_attribute 34, 0
  10              		.eabi_attribute 18, 4
  11              		.file	"stm32f0xx_hal_adc_ex.c"
  12              		.text
  13              	.Ltext0:
  14              		.cfi_sections	.debug_frame
  15              		.section	.text.HAL_ADCEx_Calibration_Start,"ax",%progbits
  16              		.align	1
  17              		.global	HAL_ADCEx_Calibration_Start
  18              		.arch armv6s-m
  19              		.syntax unified
  20              		.code	16
  21              		.thumb_func
  22              		.fpu softvfp
  24              	HAL_ADCEx_Calibration_Start:
  25              	.LVL0:
  26              	.LFB40:
  27              		.file 1 "Drivers/STM32F0xx_HAL_Driver/Src/stm32f0xx_hal_adc_ex.c"
   1:Drivers/STM32F0xx_HAL_Driver/Src/stm32f0xx_hal_adc_ex.c **** /**
   2:Drivers/STM32F0xx_HAL_Driver/Src/stm32f0xx_hal_adc_ex.c ****   ******************************************************************************
   3:Drivers/STM32F0xx_HAL_Driver/Src/stm32f0xx_hal_adc_ex.c ****   * @file    stm32f0xx_hal_adc_ex.c
   4:Drivers/STM32F0xx_HAL_Driver/Src/stm32f0xx_hal_adc_ex.c ****   * @author  MCD Application Team
   5:Drivers/STM32F0xx_HAL_Driver/Src/stm32f0xx_hal_adc_ex.c ****   * @brief   This file provides firmware functions to manage the following 
   6:Drivers/STM32F0xx_HAL_Driver/Src/stm32f0xx_hal_adc_ex.c ****   *          functionalities of the Analog to Digital Convertor (ADC)
   7:Drivers/STM32F0xx_HAL_Driver/Src/stm32f0xx_hal_adc_ex.c ****   *          peripheral:
   8:Drivers/STM32F0xx_HAL_Driver/Src/stm32f0xx_hal_adc_ex.c ****   *           + Operation functions
   9:Drivers/STM32F0xx_HAL_Driver/Src/stm32f0xx_hal_adc_ex.c ****   *             ++ Calibration (ADC automatic self-calibration)
  10:Drivers/STM32F0xx_HAL_Driver/Src/stm32f0xx_hal_adc_ex.c ****   *          Other functions (generic functions) are available in file 
  11:Drivers/STM32F0xx_HAL_Driver/Src/stm32f0xx_hal_adc_ex.c ****   *          "stm32f0xx_hal_adc.c".
  12:Drivers/STM32F0xx_HAL_Driver/Src/stm32f0xx_hal_adc_ex.c ****   *
  13:Drivers/STM32F0xx_HAL_Driver/Src/stm32f0xx_hal_adc_ex.c ****   @verbatim
  14:Drivers/STM32F0xx_HAL_Driver/Src/stm32f0xx_hal_adc_ex.c ****   [..] 
  15:Drivers/STM32F0xx_HAL_Driver/Src/stm32f0xx_hal_adc_ex.c ****   (@) Sections "ADC peripheral features" and "How to use this driver" are
  16:Drivers/STM32F0xx_HAL_Driver/Src/stm32f0xx_hal_adc_ex.c ****       available in file of generic functions "stm32l1xx_hal_adc.c".
  17:Drivers/STM32F0xx_HAL_Driver/Src/stm32f0xx_hal_adc_ex.c ****   [..]
  18:Drivers/STM32F0xx_HAL_Driver/Src/stm32f0xx_hal_adc_ex.c ****   @endverbatim
  19:Drivers/STM32F0xx_HAL_Driver/Src/stm32f0xx_hal_adc_ex.c ****   ******************************************************************************
  20:Drivers/STM32F0xx_HAL_Driver/Src/stm32f0xx_hal_adc_ex.c ****   * @attention
  21:Drivers/STM32F0xx_HAL_Driver/Src/stm32f0xx_hal_adc_ex.c ****   *
  22:Drivers/STM32F0xx_HAL_Driver/Src/stm32f0xx_hal_adc_ex.c ****   * <h2><center>&copy; Copyright (c) 2016 STMicroelectronics.
  23:Drivers/STM32F0xx_HAL_Driver/Src/stm32f0xx_hal_adc_ex.c ****   * All rights reserved.</center></h2>
  24:Drivers/STM32F0xx_HAL_Driver/Src/stm32f0xx_hal_adc_ex.c ****   *
  25:Drivers/STM32F0xx_HAL_Driver/Src/stm32f0xx_hal_adc_ex.c ****   * This software component is licensed by ST under BSD 3-Clause license,
  26:Drivers/STM32F0xx_HAL_Driver/Src/stm32f0xx_hal_adc_ex.c ****   * the "License"; You may not use this file except in compliance with the
  27:Drivers/STM32F0xx_HAL_Driver/Src/stm32f0xx_hal_adc_ex.c ****   * License. You may obtain a copy of the License at:
  28:Drivers/STM32F0xx_HAL_Driver/Src/stm32f0xx_hal_adc_ex.c ****   *                        opensource.org/licenses/BSD-3-Clause
  29:Drivers/STM32F0xx_HAL_Driver/Src/stm32f0xx_hal_adc_ex.c ****   *
  30:Drivers/STM32F0xx_HAL_Driver/Src/stm32f0xx_hal_adc_ex.c ****   ******************************************************************************
  31:Drivers/STM32F0xx_HAL_Driver/Src/stm32f0xx_hal_adc_ex.c ****   */
ARM GAS  /tmp/ccRycltt.s 			page 2


  32:Drivers/STM32F0xx_HAL_Driver/Src/stm32f0xx_hal_adc_ex.c **** 
  33:Drivers/STM32F0xx_HAL_Driver/Src/stm32f0xx_hal_adc_ex.c **** /* Includes ------------------------------------------------------------------*/
  34:Drivers/STM32F0xx_HAL_Driver/Src/stm32f0xx_hal_adc_ex.c **** #include "stm32f0xx_hal.h"
  35:Drivers/STM32F0xx_HAL_Driver/Src/stm32f0xx_hal_adc_ex.c **** 
  36:Drivers/STM32F0xx_HAL_Driver/Src/stm32f0xx_hal_adc_ex.c **** /** @addtogroup STM32F0xx_HAL_Driver
  37:Drivers/STM32F0xx_HAL_Driver/Src/stm32f0xx_hal_adc_ex.c ****   * @{
  38:Drivers/STM32F0xx_HAL_Driver/Src/stm32f0xx_hal_adc_ex.c ****   */
  39:Drivers/STM32F0xx_HAL_Driver/Src/stm32f0xx_hal_adc_ex.c **** 
  40:Drivers/STM32F0xx_HAL_Driver/Src/stm32f0xx_hal_adc_ex.c **** /** @defgroup ADCEx ADCEx
  41:Drivers/STM32F0xx_HAL_Driver/Src/stm32f0xx_hal_adc_ex.c ****   * @brief ADC HAL module driver
  42:Drivers/STM32F0xx_HAL_Driver/Src/stm32f0xx_hal_adc_ex.c ****   * @{
  43:Drivers/STM32F0xx_HAL_Driver/Src/stm32f0xx_hal_adc_ex.c ****   */
  44:Drivers/STM32F0xx_HAL_Driver/Src/stm32f0xx_hal_adc_ex.c **** 
  45:Drivers/STM32F0xx_HAL_Driver/Src/stm32f0xx_hal_adc_ex.c **** #ifdef HAL_ADC_MODULE_ENABLED
  46:Drivers/STM32F0xx_HAL_Driver/Src/stm32f0xx_hal_adc_ex.c **** 
  47:Drivers/STM32F0xx_HAL_Driver/Src/stm32f0xx_hal_adc_ex.c **** /* Private typedef -----------------------------------------------------------*/
  48:Drivers/STM32F0xx_HAL_Driver/Src/stm32f0xx_hal_adc_ex.c **** /* Private define ------------------------------------------------------------*/
  49:Drivers/STM32F0xx_HAL_Driver/Src/stm32f0xx_hal_adc_ex.c **** /** @defgroup ADCEx_Private_Constants ADCEx Private Constants
  50:Drivers/STM32F0xx_HAL_Driver/Src/stm32f0xx_hal_adc_ex.c ****   * @{
  51:Drivers/STM32F0xx_HAL_Driver/Src/stm32f0xx_hal_adc_ex.c ****   */ 
  52:Drivers/STM32F0xx_HAL_Driver/Src/stm32f0xx_hal_adc_ex.c ****  
  53:Drivers/STM32F0xx_HAL_Driver/Src/stm32f0xx_hal_adc_ex.c **** /* Fixed timeout values for ADC calibration, enable settling time, disable  */
  54:Drivers/STM32F0xx_HAL_Driver/Src/stm32f0xx_hal_adc_ex.c ****   /* settling time.                                                           */
  55:Drivers/STM32F0xx_HAL_Driver/Src/stm32f0xx_hal_adc_ex.c ****   /* Values defined to be higher than worst cases: low clock frequency,       */
  56:Drivers/STM32F0xx_HAL_Driver/Src/stm32f0xx_hal_adc_ex.c ****   /* maximum prescaler.                                                       */
  57:Drivers/STM32F0xx_HAL_Driver/Src/stm32f0xx_hal_adc_ex.c ****   /* Ex of profile low frequency : Clock source at 0.1 MHz, ADC clock         */
  58:Drivers/STM32F0xx_HAL_Driver/Src/stm32f0xx_hal_adc_ex.c ****   /* prescaler 4.                                                             */
  59:Drivers/STM32F0xx_HAL_Driver/Src/stm32f0xx_hal_adc_ex.c ****   /* Unit: ms                                                                 */
  60:Drivers/STM32F0xx_HAL_Driver/Src/stm32f0xx_hal_adc_ex.c ****   #define ADC_DISABLE_TIMEOUT           2
  61:Drivers/STM32F0xx_HAL_Driver/Src/stm32f0xx_hal_adc_ex.c ****   #define ADC_CALIBRATION_TIMEOUT       2U      
  62:Drivers/STM32F0xx_HAL_Driver/Src/stm32f0xx_hal_adc_ex.c **** /**
  63:Drivers/STM32F0xx_HAL_Driver/Src/stm32f0xx_hal_adc_ex.c ****   * @}
  64:Drivers/STM32F0xx_HAL_Driver/Src/stm32f0xx_hal_adc_ex.c ****   */
  65:Drivers/STM32F0xx_HAL_Driver/Src/stm32f0xx_hal_adc_ex.c **** 
  66:Drivers/STM32F0xx_HAL_Driver/Src/stm32f0xx_hal_adc_ex.c **** /* Private macros -------------------------------------------------------------*/
  67:Drivers/STM32F0xx_HAL_Driver/Src/stm32f0xx_hal_adc_ex.c **** /* Private variables ---------------------------------------------------------*/
  68:Drivers/STM32F0xx_HAL_Driver/Src/stm32f0xx_hal_adc_ex.c **** /* Private function prototypes -----------------------------------------------*/
  69:Drivers/STM32F0xx_HAL_Driver/Src/stm32f0xx_hal_adc_ex.c **** /* Private functions ---------------------------------------------------------*/
  70:Drivers/STM32F0xx_HAL_Driver/Src/stm32f0xx_hal_adc_ex.c **** 
  71:Drivers/STM32F0xx_HAL_Driver/Src/stm32f0xx_hal_adc_ex.c **** /** @defgroup ADCEx_Exported_Functions ADCEx Exported Functions
  72:Drivers/STM32F0xx_HAL_Driver/Src/stm32f0xx_hal_adc_ex.c ****   * @{
  73:Drivers/STM32F0xx_HAL_Driver/Src/stm32f0xx_hal_adc_ex.c ****   */
  74:Drivers/STM32F0xx_HAL_Driver/Src/stm32f0xx_hal_adc_ex.c **** 
  75:Drivers/STM32F0xx_HAL_Driver/Src/stm32f0xx_hal_adc_ex.c **** /** @defgroup ADCEx_Exported_Functions_Group1 Extended Initialization/de-initialization functions 
  76:Drivers/STM32F0xx_HAL_Driver/Src/stm32f0xx_hal_adc_ex.c ****  *  @brief    Extended Initialization and Configuration functions
  77:Drivers/STM32F0xx_HAL_Driver/Src/stm32f0xx_hal_adc_ex.c ****  *
  78:Drivers/STM32F0xx_HAL_Driver/Src/stm32f0xx_hal_adc_ex.c **** @verbatim
  79:Drivers/STM32F0xx_HAL_Driver/Src/stm32f0xx_hal_adc_ex.c ****  ===============================================================================
  80:Drivers/STM32F0xx_HAL_Driver/Src/stm32f0xx_hal_adc_ex.c ****                       ##### IO operation functions #####
  81:Drivers/STM32F0xx_HAL_Driver/Src/stm32f0xx_hal_adc_ex.c ****  ===============================================================================
  82:Drivers/STM32F0xx_HAL_Driver/Src/stm32f0xx_hal_adc_ex.c ****     [..]  This section provides functions allowing to:
  83:Drivers/STM32F0xx_HAL_Driver/Src/stm32f0xx_hal_adc_ex.c ****       (+) Perform the ADC calibration. 
  84:Drivers/STM32F0xx_HAL_Driver/Src/stm32f0xx_hal_adc_ex.c **** @endverbatim
  85:Drivers/STM32F0xx_HAL_Driver/Src/stm32f0xx_hal_adc_ex.c ****   * @{
  86:Drivers/STM32F0xx_HAL_Driver/Src/stm32f0xx_hal_adc_ex.c ****   */
  87:Drivers/STM32F0xx_HAL_Driver/Src/stm32f0xx_hal_adc_ex.c **** 
  88:Drivers/STM32F0xx_HAL_Driver/Src/stm32f0xx_hal_adc_ex.c **** /**
ARM GAS  /tmp/ccRycltt.s 			page 3


  89:Drivers/STM32F0xx_HAL_Driver/Src/stm32f0xx_hal_adc_ex.c ****   * @brief  Perform an ADC automatic self-calibration
  90:Drivers/STM32F0xx_HAL_Driver/Src/stm32f0xx_hal_adc_ex.c ****   *         Calibration prerequisite: ADC must be disabled (execute this
  91:Drivers/STM32F0xx_HAL_Driver/Src/stm32f0xx_hal_adc_ex.c ****   *         function before HAL_ADC_Start() or after HAL_ADC_Stop() ).
  92:Drivers/STM32F0xx_HAL_Driver/Src/stm32f0xx_hal_adc_ex.c ****   * @note   Calibration factor can be read after calibration, using function
  93:Drivers/STM32F0xx_HAL_Driver/Src/stm32f0xx_hal_adc_ex.c ****   *         HAL_ADC_GetValue() (value on 7 bits: from DR[6;0]).
  94:Drivers/STM32F0xx_HAL_Driver/Src/stm32f0xx_hal_adc_ex.c ****   * @param  hadc ADC handle
  95:Drivers/STM32F0xx_HAL_Driver/Src/stm32f0xx_hal_adc_ex.c ****   * @retval HAL status
  96:Drivers/STM32F0xx_HAL_Driver/Src/stm32f0xx_hal_adc_ex.c ****   */
  97:Drivers/STM32F0xx_HAL_Driver/Src/stm32f0xx_hal_adc_ex.c **** HAL_StatusTypeDef HAL_ADCEx_Calibration_Start(ADC_HandleTypeDef* hadc)
  98:Drivers/STM32F0xx_HAL_Driver/Src/stm32f0xx_hal_adc_ex.c **** {
  28              		.loc 1 98 1 view -0
  29              		.cfi_startproc
  30              		@ args = 0, pretend = 0, frame = 0
  31              		@ frame_needed = 0, uses_anonymous_args = 0
  32              		.loc 1 98 1 is_stmt 0 view .LVU1
  33 0000 70B5     		push	{r4, r5, r6, lr}
  34              	.LCFI0:
  35              		.cfi_def_cfa_offset 16
  36              		.cfi_offset 4, -16
  37              		.cfi_offset 5, -12
  38              		.cfi_offset 6, -8
  39              		.cfi_offset 14, -4
  40 0002 0400     		movs	r4, r0
  99:Drivers/STM32F0xx_HAL_Driver/Src/stm32f0xx_hal_adc_ex.c ****   HAL_StatusTypeDef tmp_hal_status = HAL_OK;
  41              		.loc 1 99 3 is_stmt 1 view .LVU2
  42              	.LVL1:
 100:Drivers/STM32F0xx_HAL_Driver/Src/stm32f0xx_hal_adc_ex.c ****   uint32_t tickstart = 0U;
  43              		.loc 1 100 3 view .LVU3
 101:Drivers/STM32F0xx_HAL_Driver/Src/stm32f0xx_hal_adc_ex.c ****   uint32_t backup_setting_adc_dma_transfer = 0; /* Note: Variable not declared as volatile because 
  44              		.loc 1 101 3 view .LVU4
 102:Drivers/STM32F0xx_HAL_Driver/Src/stm32f0xx_hal_adc_ex.c ****   
 103:Drivers/STM32F0xx_HAL_Driver/Src/stm32f0xx_hal_adc_ex.c ****   /* Check the parameters */
 104:Drivers/STM32F0xx_HAL_Driver/Src/stm32f0xx_hal_adc_ex.c ****   assert_param(IS_ADC_ALL_INSTANCE(hadc->Instance));
  45              		.loc 1 104 3 view .LVU5
 105:Drivers/STM32F0xx_HAL_Driver/Src/stm32f0xx_hal_adc_ex.c **** 
 106:Drivers/STM32F0xx_HAL_Driver/Src/stm32f0xx_hal_adc_ex.c ****   /* Process locked */
 107:Drivers/STM32F0xx_HAL_Driver/Src/stm32f0xx_hal_adc_ex.c ****   __HAL_LOCK(hadc);
  46              		.loc 1 107 3 view .LVU6
  47              		.loc 1 107 3 view .LVU7
  48 0004 3423     		movs	r3, #52
  49 0006 C35C     		ldrb	r3, [r0, r3]
  50 0008 012B     		cmp	r3, #1
  51 000a 50D0     		beq	.L8
  52              		.loc 1 107 3 discriminator 2 view .LVU8
  53 000c 3423     		movs	r3, #52
  54 000e 0122     		movs	r2, #1
  55 0010 C254     		strb	r2, [r0, r3]
  56              		.loc 1 107 3 discriminator 2 view .LVU9
 108:Drivers/STM32F0xx_HAL_Driver/Src/stm32f0xx_hal_adc_ex.c ****   
 109:Drivers/STM32F0xx_HAL_Driver/Src/stm32f0xx_hal_adc_ex.c ****   /* Calibration prerequisite: ADC must be disabled. */
 110:Drivers/STM32F0xx_HAL_Driver/Src/stm32f0xx_hal_adc_ex.c ****   if (ADC_IS_ENABLE(hadc) == RESET)
  57              		.loc 1 110 3 discriminator 2 view .LVU10
  58              		.loc 1 110 7 is_stmt 0 discriminator 2 view .LVU11
  59 0012 0368     		ldr	r3, [r0]
  60 0014 9968     		ldr	r1, [r3, #8]
  61 0016 0232     		adds	r2, r2, #2
  62 0018 0A40     		ands	r2, r1
ARM GAS  /tmp/ccRycltt.s 			page 4


  63 001a 012A     		cmp	r2, #1
  64 001c 05D1     		bne	.L3
  65              		.loc 1 110 7 discriminator 1 view .LVU12
  66 001e 1A68     		ldr	r2, [r3]
  67 0020 D207     		lsls	r2, r2, #31
  68 0022 3ED4     		bmi	.L4
  69              		.loc 1 110 7 discriminator 4 view .LVU13
  70 0024 DA68     		ldr	r2, [r3, #12]
  71 0026 1204     		lsls	r2, r2, #16
  72 0028 3BD4     		bmi	.L4
  73              	.L3:
 111:Drivers/STM32F0xx_HAL_Driver/Src/stm32f0xx_hal_adc_ex.c ****   {
 112:Drivers/STM32F0xx_HAL_Driver/Src/stm32f0xx_hal_adc_ex.c ****     /* Set ADC state */
 113:Drivers/STM32F0xx_HAL_Driver/Src/stm32f0xx_hal_adc_ex.c ****     ADC_STATE_CLR_SET(hadc->State, 
  74              		.loc 1 113 5 is_stmt 1 view .LVU14
  75 002a A26B     		ldr	r2, [r4, #56]
  76 002c 2149     		ldr	r1, .L10
  77 002e 0A40     		ands	r2, r1
  78 0030 0631     		adds	r1, r1, #6
  79 0032 FF31     		adds	r1, r1, #255
  80 0034 0A43     		orrs	r2, r1
  81 0036 A263     		str	r2, [r4, #56]
 114:Drivers/STM32F0xx_HAL_Driver/Src/stm32f0xx_hal_adc_ex.c ****                       HAL_ADC_STATE_REG_BUSY,
 115:Drivers/STM32F0xx_HAL_Driver/Src/stm32f0xx_hal_adc_ex.c ****                       HAL_ADC_STATE_BUSY_INTERNAL);
 116:Drivers/STM32F0xx_HAL_Driver/Src/stm32f0xx_hal_adc_ex.c ****     
 117:Drivers/STM32F0xx_HAL_Driver/Src/stm32f0xx_hal_adc_ex.c ****     /* Disable ADC DMA transfer request during calibration */
 118:Drivers/STM32F0xx_HAL_Driver/Src/stm32f0xx_hal_adc_ex.c ****     /* Note: Specificity of this STM32 serie: Calibration factor is           */
 119:Drivers/STM32F0xx_HAL_Driver/Src/stm32f0xx_hal_adc_ex.c ****     /*       available in data register and also transfered by DMA.           */
 120:Drivers/STM32F0xx_HAL_Driver/Src/stm32f0xx_hal_adc_ex.c ****     /*       To not insert ADC calibration factor among ADC conversion data   */
 121:Drivers/STM32F0xx_HAL_Driver/Src/stm32f0xx_hal_adc_ex.c ****     /*       in array variable, DMA transfer must be disabled during          */
 122:Drivers/STM32F0xx_HAL_Driver/Src/stm32f0xx_hal_adc_ex.c ****     /*       calibration.                                                     */
 123:Drivers/STM32F0xx_HAL_Driver/Src/stm32f0xx_hal_adc_ex.c ****     backup_setting_adc_dma_transfer = READ_BIT(hadc->Instance->CFGR1, ADC_CFGR1_DMAEN | ADC_CFGR1_D
  82              		.loc 1 123 5 view .LVU15
  83              		.loc 1 123 39 is_stmt 0 view .LVU16
  84 0038 DE68     		ldr	r6, [r3, #12]
  85              		.loc 1 123 37 view .LVU17
  86 003a 0131     		adds	r1, r1, #1
  87 003c 0E40     		ands	r6, r1
  88              	.LVL2:
 124:Drivers/STM32F0xx_HAL_Driver/Src/stm32f0xx_hal_adc_ex.c ****     CLEAR_BIT(hadc->Instance->CFGR1, ADC_CFGR1_DMAEN | ADC_CFGR1_DMACFG);
  89              		.loc 1 124 5 is_stmt 1 view .LVU18
  90 003e DA68     		ldr	r2, [r3, #12]
  91 0040 8A43     		bics	r2, r1
  92 0042 DA60     		str	r2, [r3, #12]
 125:Drivers/STM32F0xx_HAL_Driver/Src/stm32f0xx_hal_adc_ex.c **** 
 126:Drivers/STM32F0xx_HAL_Driver/Src/stm32f0xx_hal_adc_ex.c ****     /* Start ADC calibration */
 127:Drivers/STM32F0xx_HAL_Driver/Src/stm32f0xx_hal_adc_ex.c ****     hadc->Instance->CR |= ADC_CR_ADCAL;
  93              		.loc 1 127 5 view .LVU19
  94              		.loc 1 127 9 is_stmt 0 view .LVU20
  95 0044 2268     		ldr	r2, [r4]
  96              		.loc 1 127 24 view .LVU21
  97 0046 9168     		ldr	r1, [r2, #8]
  98 0048 8023     		movs	r3, #128
  99 004a 1B06     		lsls	r3, r3, #24
 100 004c 0B43     		orrs	r3, r1
 101 004e 9360     		str	r3, [r2, #8]
 128:Drivers/STM32F0xx_HAL_Driver/Src/stm32f0xx_hal_adc_ex.c **** 
ARM GAS  /tmp/ccRycltt.s 			page 5


 129:Drivers/STM32F0xx_HAL_Driver/Src/stm32f0xx_hal_adc_ex.c ****     tickstart = HAL_GetTick();  
 102              		.loc 1 129 5 is_stmt 1 view .LVU22
 103              		.loc 1 129 17 is_stmt 0 view .LVU23
 104 0050 FFF7FEFF 		bl	HAL_GetTick
 105              	.LVL3:
 106              		.loc 1 129 17 view .LVU24
 107 0054 0500     		movs	r5, r0
 108              	.LVL4:
 130:Drivers/STM32F0xx_HAL_Driver/Src/stm32f0xx_hal_adc_ex.c **** 
 131:Drivers/STM32F0xx_HAL_Driver/Src/stm32f0xx_hal_adc_ex.c ****     /* Wait for calibration completion */
 132:Drivers/STM32F0xx_HAL_Driver/Src/stm32f0xx_hal_adc_ex.c ****     while(HAL_IS_BIT_SET(hadc->Instance->CR, ADC_CR_ADCAL))
 109              		.loc 1 132 5 is_stmt 1 view .LVU25
 110              	.L5:
 111              		.loc 1 132 10 view .LVU26
 112              		.loc 1 132 11 is_stmt 0 view .LVU27
 113 0056 2368     		ldr	r3, [r4]
 114 0058 9A68     		ldr	r2, [r3, #8]
 115              		.loc 1 132 10 view .LVU28
 116 005a 002A     		cmp	r2, #0
 117 005c 13DA     		bge	.L9
 133:Drivers/STM32F0xx_HAL_Driver/Src/stm32f0xx_hal_adc_ex.c ****     {
 134:Drivers/STM32F0xx_HAL_Driver/Src/stm32f0xx_hal_adc_ex.c ****       if((HAL_GetTick() - tickstart) > ADC_CALIBRATION_TIMEOUT)
 118              		.loc 1 134 7 is_stmt 1 view .LVU29
 119              		.loc 1 134 11 is_stmt 0 view .LVU30
 120 005e FFF7FEFF 		bl	HAL_GetTick
 121              	.LVL5:
 122              		.loc 1 134 25 view .LVU31
 123 0062 401B     		subs	r0, r0, r5
 124              		.loc 1 134 9 view .LVU32
 125 0064 0228     		cmp	r0, #2
 126 0066 F6D9     		bls	.L5
 135:Drivers/STM32F0xx_HAL_Driver/Src/stm32f0xx_hal_adc_ex.c ****       {
 136:Drivers/STM32F0xx_HAL_Driver/Src/stm32f0xx_hal_adc_ex.c ****         /* New check to avoid false timeout detection in case of preemption */
 137:Drivers/STM32F0xx_HAL_Driver/Src/stm32f0xx_hal_adc_ex.c ****         if(HAL_IS_BIT_SET(hadc->Instance->CR, ADC_CR_ADCAL))
 127              		.loc 1 137 9 is_stmt 1 view .LVU33
 128              		.loc 1 137 12 is_stmt 0 view .LVU34
 129 0068 2368     		ldr	r3, [r4]
 130 006a 9B68     		ldr	r3, [r3, #8]
 131              		.loc 1 137 11 view .LVU35
 132 006c 002B     		cmp	r3, #0
 133 006e F2DA     		bge	.L5
 138:Drivers/STM32F0xx_HAL_Driver/Src/stm32f0xx_hal_adc_ex.c ****         {
 139:Drivers/STM32F0xx_HAL_Driver/Src/stm32f0xx_hal_adc_ex.c ****           /* Update ADC state machine to error */
 140:Drivers/STM32F0xx_HAL_Driver/Src/stm32f0xx_hal_adc_ex.c ****           ADC_STATE_CLR_SET(hadc->State,
 134              		.loc 1 140 11 is_stmt 1 view .LVU36
 135 0070 A36B     		ldr	r3, [r4, #56]
 136 0072 1222     		movs	r2, #18
 137 0074 9343     		bics	r3, r2
 138 0076 023A     		subs	r2, r2, #2
 139 0078 1343     		orrs	r3, r2
 140 007a A363     		str	r3, [r4, #56]
 141:Drivers/STM32F0xx_HAL_Driver/Src/stm32f0xx_hal_adc_ex.c ****                             HAL_ADC_STATE_BUSY_INTERNAL,
 142:Drivers/STM32F0xx_HAL_Driver/Src/stm32f0xx_hal_adc_ex.c ****                             HAL_ADC_STATE_ERROR_INTERNAL);
 143:Drivers/STM32F0xx_HAL_Driver/Src/stm32f0xx_hal_adc_ex.c **** 
 144:Drivers/STM32F0xx_HAL_Driver/Src/stm32f0xx_hal_adc_ex.c ****           /* Process unlocked */
 145:Drivers/STM32F0xx_HAL_Driver/Src/stm32f0xx_hal_adc_ex.c ****           __HAL_UNLOCK(hadc);
 141              		.loc 1 145 11 view .LVU37
ARM GAS  /tmp/ccRycltt.s 			page 6


 142              		.loc 1 145 11 view .LVU38
 143 007c 3423     		movs	r3, #52
 144 007e 0022     		movs	r2, #0
 145 0080 E254     		strb	r2, [r4, r3]
 146              		.loc 1 145 11 view .LVU39
 146:Drivers/STM32F0xx_HAL_Driver/Src/stm32f0xx_hal_adc_ex.c **** 
 147:Drivers/STM32F0xx_HAL_Driver/Src/stm32f0xx_hal_adc_ex.c ****           return HAL_ERROR;
 147              		.loc 1 147 11 view .LVU40
 148              		.loc 1 147 18 is_stmt 0 view .LVU41
 149 0082 0120     		movs	r0, #1
 150 0084 0CE0     		b	.L2
 151              	.L9:
 148:Drivers/STM32F0xx_HAL_Driver/Src/stm32f0xx_hal_adc_ex.c ****         }
 149:Drivers/STM32F0xx_HAL_Driver/Src/stm32f0xx_hal_adc_ex.c ****       }
 150:Drivers/STM32F0xx_HAL_Driver/Src/stm32f0xx_hal_adc_ex.c ****     }
 151:Drivers/STM32F0xx_HAL_Driver/Src/stm32f0xx_hal_adc_ex.c ****     
 152:Drivers/STM32F0xx_HAL_Driver/Src/stm32f0xx_hal_adc_ex.c ****     /* Restore ADC DMA transfer request after calibration */
 153:Drivers/STM32F0xx_HAL_Driver/Src/stm32f0xx_hal_adc_ex.c ****     SET_BIT(hadc->Instance->CFGR1, backup_setting_adc_dma_transfer);
 152              		.loc 1 153 5 is_stmt 1 view .LVU42
 153 0086 DA68     		ldr	r2, [r3, #12]
 154 0088 1643     		orrs	r6, r2
 155              	.LVL6:
 156              		.loc 1 153 5 is_stmt 0 view .LVU43
 157 008a DE60     		str	r6, [r3, #12]
 154:Drivers/STM32F0xx_HAL_Driver/Src/stm32f0xx_hal_adc_ex.c **** 
 155:Drivers/STM32F0xx_HAL_Driver/Src/stm32f0xx_hal_adc_ex.c ****     /* Set ADC state */
 156:Drivers/STM32F0xx_HAL_Driver/Src/stm32f0xx_hal_adc_ex.c ****     ADC_STATE_CLR_SET(hadc->State,
 158              		.loc 1 156 5 is_stmt 1 view .LVU44
 159 008c A36B     		ldr	r3, [r4, #56]
 160 008e 0322     		movs	r2, #3
 161 0090 9343     		bics	r3, r2
 162 0092 023A     		subs	r2, r2, #2
 163 0094 1343     		orrs	r3, r2
 164 0096 A363     		str	r3, [r4, #56]
  99:Drivers/STM32F0xx_HAL_Driver/Src/stm32f0xx_hal_adc_ex.c ****   uint32_t tickstart = 0U;
 165              		.loc 1 99 21 is_stmt 0 view .LVU45
 166 0098 0020     		movs	r0, #0
 167              	.LVL7:
 168              	.L7:
 157:Drivers/STM32F0xx_HAL_Driver/Src/stm32f0xx_hal_adc_ex.c ****                       HAL_ADC_STATE_BUSY_INTERNAL,
 158:Drivers/STM32F0xx_HAL_Driver/Src/stm32f0xx_hal_adc_ex.c ****                       HAL_ADC_STATE_READY);
 159:Drivers/STM32F0xx_HAL_Driver/Src/stm32f0xx_hal_adc_ex.c ****   }
 160:Drivers/STM32F0xx_HAL_Driver/Src/stm32f0xx_hal_adc_ex.c ****   else
 161:Drivers/STM32F0xx_HAL_Driver/Src/stm32f0xx_hal_adc_ex.c ****   {
 162:Drivers/STM32F0xx_HAL_Driver/Src/stm32f0xx_hal_adc_ex.c ****     /* Update ADC state machine to error */
 163:Drivers/STM32F0xx_HAL_Driver/Src/stm32f0xx_hal_adc_ex.c ****     SET_BIT(hadc->State, HAL_ADC_STATE_ERROR_CONFIG);
 164:Drivers/STM32F0xx_HAL_Driver/Src/stm32f0xx_hal_adc_ex.c ****     
 165:Drivers/STM32F0xx_HAL_Driver/Src/stm32f0xx_hal_adc_ex.c ****     tmp_hal_status = HAL_ERROR;
 166:Drivers/STM32F0xx_HAL_Driver/Src/stm32f0xx_hal_adc_ex.c ****   }
 167:Drivers/STM32F0xx_HAL_Driver/Src/stm32f0xx_hal_adc_ex.c ****   
 168:Drivers/STM32F0xx_HAL_Driver/Src/stm32f0xx_hal_adc_ex.c ****   /* Process unlocked */
 169:Drivers/STM32F0xx_HAL_Driver/Src/stm32f0xx_hal_adc_ex.c ****   __HAL_UNLOCK(hadc);
 169              		.loc 1 169 3 is_stmt 1 view .LVU46
 170              		.loc 1 169 3 view .LVU47
 171 009a 3423     		movs	r3, #52
 172 009c 0022     		movs	r2, #0
 173 009e E254     		strb	r2, [r4, r3]
ARM GAS  /tmp/ccRycltt.s 			page 7


 174              		.loc 1 169 3 view .LVU48
 170:Drivers/STM32F0xx_HAL_Driver/Src/stm32f0xx_hal_adc_ex.c ****   
 171:Drivers/STM32F0xx_HAL_Driver/Src/stm32f0xx_hal_adc_ex.c ****   /* Return function status */
 172:Drivers/STM32F0xx_HAL_Driver/Src/stm32f0xx_hal_adc_ex.c ****   return tmp_hal_status;
 175              		.loc 1 172 3 view .LVU49
 176              	.LVL8:
 177              	.L2:
 173:Drivers/STM32F0xx_HAL_Driver/Src/stm32f0xx_hal_adc_ex.c **** }
 178              		.loc 1 173 1 is_stmt 0 view .LVU50
 179              		@ sp needed
 180              	.LVL9:
 181              		.loc 1 173 1 view .LVU51
 182 00a0 70BD     		pop	{r4, r5, r6, pc}
 183              	.LVL10:
 184              	.L4:
 163:Drivers/STM32F0xx_HAL_Driver/Src/stm32f0xx_hal_adc_ex.c ****     
 185              		.loc 1 163 5 is_stmt 1 view .LVU52
 186 00a2 A36B     		ldr	r3, [r4, #56]
 187 00a4 2022     		movs	r2, #32
 188 00a6 1343     		orrs	r3, r2
 189 00a8 A363     		str	r3, [r4, #56]
 165:Drivers/STM32F0xx_HAL_Driver/Src/stm32f0xx_hal_adc_ex.c ****   }
 190              		.loc 1 165 5 view .LVU53
 191              	.LVL11:
 165:Drivers/STM32F0xx_HAL_Driver/Src/stm32f0xx_hal_adc_ex.c ****   }
 192              		.loc 1 165 20 is_stmt 0 view .LVU54
 193 00aa 0120     		movs	r0, #1
 194              	.LVL12:
 165:Drivers/STM32F0xx_HAL_Driver/Src/stm32f0xx_hal_adc_ex.c ****   }
 195              		.loc 1 165 20 view .LVU55
 196 00ac F5E7     		b	.L7
 197              	.LVL13:
 198              	.L8:
 107:Drivers/STM32F0xx_HAL_Driver/Src/stm32f0xx_hal_adc_ex.c ****   
 199              		.loc 1 107 3 view .LVU56
 200 00ae 0220     		movs	r0, #2
 201              	.LVL14:
 107:Drivers/STM32F0xx_HAL_Driver/Src/stm32f0xx_hal_adc_ex.c ****   
 202              		.loc 1 107 3 view .LVU57
 203 00b0 F6E7     		b	.L2
 204              	.L11:
 205 00b2 C046     		.align	2
 206              	.L10:
 207 00b4 FDFEFFFF 		.word	-259
 208              		.cfi_endproc
 209              	.LFE40:
 211              		.text
 212              	.Letext0:
 213              		.file 2 "/usr/lib/gcc/arm-none-eabi/9.2.1/include/stdint.h"
 214              		.file 3 "Drivers/CMSIS/Device/ST/STM32F0xx/Include/system_stm32f0xx.h"
 215              		.file 4 "Drivers/CMSIS/Device/ST/STM32F0xx/Include/stm32f072xb.h"
 216              		.file 5 "Drivers/CMSIS/Device/ST/STM32F0xx/Include/stm32f0xx.h"
 217              		.file 6 "Drivers/STM32F0xx_HAL_Driver/Inc/stm32f0xx_hal_def.h"
 218              		.file 7 "Drivers/STM32F0xx_HAL_Driver/Inc/stm32f0xx_hal_dma.h"
 219              		.file 8 "Drivers/STM32F0xx_HAL_Driver/Inc/stm32f0xx_hal_adc.h"
 220              		.file 9 "Drivers/STM32F0xx_HAL_Driver/Inc/stm32f0xx_hal.h"
ARM GAS  /tmp/ccRycltt.s 			page 8


DEFINED SYMBOLS
                            *ABS*:0000000000000000 stm32f0xx_hal_adc_ex.c
     /tmp/ccRycltt.s:16     .text.HAL_ADCEx_Calibration_Start:0000000000000000 $t
     /tmp/ccRycltt.s:24     .text.HAL_ADCEx_Calibration_Start:0000000000000000 HAL_ADCEx_Calibration_Start
     /tmp/ccRycltt.s:207    .text.HAL_ADCEx_Calibration_Start:00000000000000b4 $d

UNDEFINED SYMBOLS
HAL_GetTick
